<?xml version="1.0" encoding="UTF-8"?>
<coverage generated="1556662581484" clover="3.2.0">
  <project timestamp="1556662581484" name="All files">
    <metrics statements="195" coveredstatements="180" conditionals="28" coveredconditionals="23" methods="104" coveredmethods="92" elements="327" coveredelements="295" complexity="0" loc="195" ncloc="195" packages="3" files="28" classes="28"/>
    <package name="ast">
      <metrics statements="99" coveredstatements="88" conditionals="6" coveredconditionals="4" methods="58" coveredmethods="49"/>
      <file name="argument.js" path="/Users/brettderham/101Script/ast/argument.js">
        <metrics statements="3" coveredstatements="2" conditionals="0" coveredconditionals="0" methods="2" coveredmethods="1"/>
        <line num="1" count="3" type="stmt"/>
        <line num="3" count="4" type="stmt"/>
        <line num="7" count="0" type="stmt"/>
      </file>
      <file name="assignment-statement.js" path="/Users/brettderham/101Script/ast/assignment-statement.js">
        <metrics statements="4" coveredstatements="4" conditionals="0" coveredconditionals="0" methods="2" coveredmethods="2"/>
        <line num="1" count="3" type="stmt"/>
        <line num="3" count="19" type="stmt"/>
        <line num="7" count="3" type="stmt"/>
        <line num="8" count="3" type="stmt"/>
      </file>
      <file name="binary-expression.js" path="/Users/brettderham/101Script/ast/binary-expression.js">
        <metrics statements="4" coveredstatements="4" conditionals="0" coveredconditionals="0" methods="2" coveredmethods="2"/>
        <line num="1" count="3" type="stmt"/>
        <line num="3" count="37" type="stmt"/>
        <line num="7" count="15" type="stmt"/>
        <line num="8" count="14" type="stmt"/>
      </file>
      <file name="block.js" path="/Users/brettderham/101Script/ast/block.js">
        <metrics statements="3" coveredstatements="3" conditionals="0" coveredconditionals="0" methods="4" coveredmethods="4"/>
        <line num="3" count="3" type="stmt"/>
        <line num="5" count="113" type="stmt"/>
        <line num="9" count="25" type="stmt"/>
      </file>
      <file name="boolean-literal.js" path="/Users/brettderham/101Script/ast/boolean-literal.js">
        <metrics statements="2" coveredstatements="2" conditionals="0" coveredconditionals="0" methods="2" coveredmethods="1"/>
        <line num="1" count="3" type="stmt"/>
        <line num="3" count="2" type="stmt"/>
      </file>
      <file name="break-statement.js" path="/Users/brettderham/101Script/ast/break-statement.js">
        <metrics statements="3" coveredstatements="3" conditionals="2" coveredconditionals="1" methods="1" coveredmethods="1"/>
        <line num="2" count="3" type="stmt"/>
        <line num="4" count="1" type="cond" truecount="1" falsecount="1"/>
        <line num="5" count="1" type="stmt"/>
      </file>
      <file name="call-expression.js" path="/Users/brettderham/101Script/ast/call-expression.js">
        <metrics statements="5" coveredstatements="3" conditionals="0" coveredconditionals="0" methods="3" coveredmethods="2"/>
        <line num="1" count="3" type="stmt"/>
        <line num="3" count="5" type="stmt"/>
        <line num="8" count="1" type="stmt"/>
        <line num="9" count="0" type="stmt"/>
        <line num="10" count="0" type="stmt"/>
      </file>
      <file name="call-statement.js" path="/Users/brettderham/101Script/ast/call-statement.js">
        <metrics statements="3" coveredstatements="2" conditionals="0" coveredconditionals="0" methods="2" coveredmethods="1"/>
        <line num="1" count="3" type="stmt"/>
        <line num="3" count="3" type="stmt"/>
        <line num="7" count="0" type="stmt"/>
      </file>
      <file name="class-declaration.js" path="/Users/brettderham/101Script/ast/class-declaration.js">
        <metrics statements="5" coveredstatements="5" conditionals="0" coveredconditionals="0" methods="2" coveredmethods="2"/>
        <line num="1" count="3" type="stmt"/>
        <line num="3" count="3" type="stmt"/>
        <line num="5" count="2" type="stmt"/>
        <line num="6" count="2" type="stmt"/>
        <line num="7" count="10" type="stmt"/>
      </file>
      <file name="field-expression.js" path="/Users/brettderham/101Script/ast/field-expression.js">
        <metrics statements="2" coveredstatements="2" conditionals="0" coveredconditionals="0" methods="2" coveredmethods="2"/>
        <line num="1" count="3" type="stmt"/>
        <line num="3" count="1" type="stmt"/>
      </file>
      <file name="field.js" path="/Users/brettderham/101Script/ast/field.js">
        <metrics statements="3" coveredstatements="2" conditionals="0" coveredconditionals="0" methods="2" coveredmethods="1"/>
        <line num="1" count="3" type="stmt"/>
        <line num="3" count="13" type="stmt"/>
        <line num="7" count="0" type="stmt"/>
      </file>
      <file name="function-declaration.js" path="/Users/brettderham/101Script/ast/function-declaration.js">
        <metrics statements="6" coveredstatements="6" conditionals="0" coveredconditionals="0" methods="2" coveredmethods="2"/>
        <line num="1" count="3" type="stmt"/>
        <line num="3" count="3" type="stmt"/>
        <line num="5" count="11" type="stmt"/>
        <line num="6" count="11" type="stmt"/>
        <line num="15" count="7" type="stmt"/>
        <line num="16" count="7" type="stmt"/>
      </file>
      <file name="identifier-expression.js" path="/Users/brettderham/101Script/ast/identifier-expression.js">
        <metrics statements="3" coveredstatements="3" conditionals="0" coveredconditionals="0" methods="2" coveredmethods="2"/>
        <line num="1" count="3" type="stmt"/>
        <line num="3" count="57" type="stmt"/>
        <line num="7" count="12" type="stmt"/>
      </file>
      <file name="if-statement.js" path="/Users/brettderham/101Script/ast/if-statement.js">
        <metrics statements="5" coveredstatements="5" conditionals="0" coveredconditionals="0" methods="2" coveredmethods="2"/>
        <line num="1" count="3" type="stmt"/>
        <line num="3" count="6" type="stmt"/>
        <line num="12" count="3" type="stmt"/>
        <line num="13" count="3" type="stmt"/>
        <line num="14" count="3" type="stmt"/>
      </file>
      <file name="list-expression.js" path="/Users/brettderham/101Script/ast/list-expression.js">
        <metrics statements="3" coveredstatements="3" conditionals="0" coveredconditionals="0" methods="3" coveredmethods="3"/>
        <line num="1" count="3" type="stmt"/>
        <line num="3" count="2" type="stmt"/>
        <line num="7" count="4" type="stmt"/>
      </file>
      <file name="method.js" path="/Users/brettderham/101Script/ast/method.js">
        <metrics statements="6" coveredstatements="1" conditionals="0" coveredconditionals="0" methods="2" coveredmethods="0"/>
        <line num="1" count="3" type="stmt"/>
        <line num="3" count="0" type="stmt"/>
        <line num="4" count="0" type="stmt"/>
        <line num="5" count="0" type="stmt"/>
        <line num="11" count="0" type="stmt"/>
        <line num="12" count="0" type="stmt"/>
      </file>
      <file name="new-object.js" path="/Users/brettderham/101Script/ast/new-object.js">
        <metrics statements="7" coveredstatements="7" conditionals="2" coveredconditionals="2" methods="5" coveredmethods="5"/>
        <line num="1" count="3" type="stmt"/>
        <line num="3" count="3" type="stmt"/>
        <line num="5" count="18" type="stmt"/>
        <line num="10" count="18" type="stmt"/>
        <line num="11" count="17" type="stmt"/>
        <line num="12" count="9" type="cond" truecount="2" falsecount="0"/>
        <line num="13" count="5" type="stmt"/>
      </file>
      <file name="numeric-literal.js" path="/Users/brettderham/101Script/ast/numeric-literal.js">
        <metrics statements="2" coveredstatements="2" conditionals="0" coveredconditionals="0" methods="2" coveredmethods="2"/>
        <line num="1" count="3" type="stmt"/>
        <line num="3" count="58" type="stmt"/>
      </file>
      <file name="parameter.js" path="/Users/brettderham/101Script/ast/parameter.js">
        <metrics statements="3" coveredstatements="3" conditionals="0" coveredconditionals="0" methods="2" coveredmethods="2"/>
        <line num="1" count="3" type="stmt"/>
        <line num="3" count="30" type="stmt"/>
        <line num="7" count="17" type="stmt"/>
      </file>
      <file name="program.js" path="/Users/brettderham/101Script/ast/program.js">
        <metrics statements="5" coveredstatements="5" conditionals="0" coveredconditionals="0" methods="2" coveredmethods="2"/>
        <line num="1" count="3" type="stmt"/>
        <line num="3" count="3" type="stmt"/>
        <line num="5" count="39" type="stmt"/>
        <line num="9" count="19" type="stmt"/>
        <line num="10" count="19" type="stmt"/>
      </file>
      <file name="return-statement.js" path="/Users/brettderham/101Script/ast/return-statement.js">
        <metrics statements="5" coveredstatements="5" conditionals="2" coveredconditionals="1" methods="2" coveredmethods="2"/>
        <line num="1" count="3" type="stmt"/>
        <line num="3" count="8" type="stmt"/>
        <line num="7" count="2" type="stmt"/>
        <line num="8" count="2" type="cond" truecount="1" falsecount="1"/>
        <line num="9" count="2" type="stmt"/>
      </file>
      <file name="string-literal.js" path="/Users/brettderham/101Script/ast/string-literal.js">
        <metrics statements="2" coveredstatements="2" conditionals="0" coveredconditionals="0" methods="2" coveredmethods="2"/>
        <line num="1" count="3" type="stmt"/>
        <line num="3" count="20" type="stmt"/>
      </file>
      <file name="unary-expression.js" path="/Users/brettderham/101Script/ast/unary-expression.js">
        <metrics statements="3" coveredstatements="3" conditionals="0" coveredconditionals="0" methods="2" coveredmethods="2"/>
        <line num="1" count="3" type="stmt"/>
        <line num="3" count="6" type="stmt"/>
        <line num="7" count="1" type="stmt"/>
      </file>
      <file name="variable-declaration.js" path="/Users/brettderham/101Script/ast/variable-declaration.js">
        <metrics statements="5" coveredstatements="5" conditionals="0" coveredconditionals="0" methods="2" coveredmethods="2"/>
        <line num="1" count="3" type="stmt"/>
        <line num="3" count="3" type="stmt"/>
        <line num="5" count="18" type="stmt"/>
        <line num="9" count="10" type="stmt"/>
        <line num="10" count="8" type="stmt"/>
      </file>
      <file name="variable.js" path="/Users/brettderham/101Script/ast/variable.js">
        <metrics statements="2" coveredstatements="1" conditionals="0" coveredconditionals="0" methods="2" coveredmethods="0"/>
        <line num="1" count="3" type="stmt"/>
        <line num="3" count="0" type="stmt"/>
      </file>
      <file name="while-statement.js" path="/Users/brettderham/101Script/ast/while-statement.js">
        <metrics statements="5" coveredstatements="5" conditionals="0" coveredconditionals="0" methods="2" coveredmethods="2"/>
        <line num="1" count="3" type="stmt"/>
        <line num="3" count="4" type="stmt"/>
        <line num="7" count="2" type="stmt"/>
        <line num="8" count="2" type="stmt"/>
        <line num="9" count="2" type="stmt"/>
      </file>
    </package>
    <package name="semantics">
      <metrics statements="23" coveredstatements="21" conditionals="16" coveredconditionals="14" methods="8" coveredmethods="7"/>
      <file name="context.js" path="/Users/brettderham/101Script/semantics/context.js">
        <metrics statements="23" coveredstatements="21" conditionals="16" coveredconditionals="14" methods="8" coveredmethods="7"/>
        <line num="11" count="3" type="stmt"/>
        <line num="12" count="3" type="stmt"/>
        <line num="13" count="3" type="stmt"/>
        <line num="14" count="3" type="stmt"/>
        <line num="18" count="34" type="stmt"/>
        <line num="26" count="7" type="stmt"/>
        <line num="31" count="5" type="stmt"/>
        <line num="37" count="0" type="stmt"/>
        <line num="51" count="32" type="cond" truecount="4" falsecount="0"/>
        <line num="52" count="1" type="stmt"/>
        <line num="54" count="31" type="stmt"/>
        <line num="60" count="20" type="cond" truecount="2" falsecount="0"/>
        <line num="61" count="9" type="stmt"/>
        <line num="62" count="11" type="cond" truecount="2" falsecount="0"/>
        <line num="64" count="3" type="stmt"/>
        <line num="66" count="8" type="stmt"/>
        <line num="71" count="2" type="cond" truecount="1" falsecount="1"/>
        <line num="72" count="0" type="stmt"/>
        <line num="80" count="1" type="cond" truecount="1" falsecount="1"/>
        <line num="82" count="1" type="stmt"/>
        <line num="87" count="3" type="stmt"/>
        <line num="88" count="3" type="stmt"/>
        <line num="90" count="3" type="stmt"/>
      </file>
    </package>
    <package name="syntax">
      <metrics statements="73" coveredstatements="71" conditionals="6" coveredconditionals="5" methods="38" coveredmethods="36"/>
      <file name="parser.js" path="/Users/brettderham/101Script/syntax/parser.js">
        <metrics statements="73" coveredstatements="71" conditionals="6" coveredconditionals="5" methods="38" coveredmethods="36"/>
        <line num="1" count="3" type="stmt"/>
        <line num="2" count="3" type="stmt"/>
        <line num="3" count="3" type="stmt"/>
        <line num="5" count="3" type="stmt"/>
        <line num="6" count="3" type="stmt"/>
        <line num="7" count="3" type="stmt"/>
        <line num="8" count="3" type="stmt"/>
        <line num="9" count="3" type="stmt"/>
        <line num="10" count="3" type="stmt"/>
        <line num="11" count="3" type="stmt"/>
        <line num="12" count="3" type="stmt"/>
        <line num="13" count="3" type="stmt"/>
        <line num="14" count="3" type="stmt"/>
        <line num="15" count="3" type="stmt"/>
        <line num="16" count="3" type="stmt"/>
        <line num="17" count="3" type="stmt"/>
        <line num="18" count="3" type="stmt"/>
        <line num="19" count="3" type="stmt"/>
        <line num="20" count="3" type="stmt"/>
        <line num="21" count="3" type="stmt"/>
        <line num="22" count="3" type="stmt"/>
        <line num="23" count="3" type="stmt"/>
        <line num="24" count="3" type="stmt"/>
        <line num="25" count="3" type="stmt"/>
        <line num="26" count="3" type="stmt"/>
        <line num="27" count="3" type="stmt"/>
        <line num="28" count="3" type="stmt"/>
        <line num="29" count="3" type="stmt"/>
        <line num="31" count="3" type="stmt"/>
        <line num="35" count="21" type="cond" truecount="2" falsecount="0"/>
        <line num="39" count="2" type="cond" truecount="1" falsecount="1"/>
        <line num="43" count="3" type="stmt"/>
        <line num="45" count="39" type="stmt"/>
        <line num="47" count="39" type="stmt"/>
        <line num="51" count="61" type="stmt"/>
        <line num="55" count="33" type="stmt"/>
        <line num="59" count="4" type="stmt"/>
        <line num="63" count="6" type="stmt"/>
        <line num="67" count="8" type="stmt"/>
        <line num="71" count="18" type="stmt"/>
        <line num="75" count="19" type="stmt"/>
        <line num="79" count="3" type="stmt"/>
        <line num="83" count="2" type="stmt"/>
        <line num="87" count="8" type="stmt"/>
        <line num="91" count="1" type="stmt"/>
        <line num="95" count="0" type="stmt"/>
        <line num="99" count="10" type="stmt"/>
        <line num="103" count="14" type="stmt"/>
        <line num="107" count="12" type="stmt"/>
        <line num="111" count="6" type="stmt"/>
        <line num="115" count="2" type="stmt"/>
        <line num="119" count="3" type="stmt"/>
        <line num="123" count="5" type="stmt"/>
        <line num="127" count="2" type="stmt"/>
        <line num="131" count="5" type="stmt"/>
        <line num="135" count="1" type="stmt"/>
        <line num="139" count="57" type="stmt"/>
        <line num="143" count="9" type="stmt"/>
        <line num="147" count="13" type="stmt"/>
        <line num="151" count="0" type="stmt"/>
        <line num="155" count="4" type="stmt"/>
        <line num="159" count="11" type="stmt"/>
        <line num="163" count="4" type="stmt"/>
        <line num="167" count="2" type="stmt"/>
        <line num="171" count="58" type="stmt"/>
        <line num="175" count="20" type="stmt"/>
        <line num="179" count="111" type="stmt"/>
        <line num="183" count="121" type="stmt"/>
        <line num="188" count="3" type="stmt"/>
        <line num="189" count="40" type="stmt"/>
        <line num="190" count="40" type="cond" truecount="2" falsecount="0"/>
        <line num="191" count="1" type="stmt"/>
        <line num="193" count="39" type="stmt"/>
      </file>
    </package>
  </project>
</coverage>
