<?xml version="1.0" encoding="UTF-8"?>
<coverage generated="1556605069957" clover="3.2.0">
  <project timestamp="1556605069957" name="All files">
    <metrics statements="206" coveredstatements="177" conditionals="28" coveredconditionals="20" methods="107" coveredmethods="84" elements="341" coveredelements="281" complexity="0" loc="206" ncloc="206" packages="3" files="29" classes="29"/>
    <package name="ast">
      <metrics statements="106" coveredstatements="87" conditionals="6" coveredconditionals="3" methods="60" coveredmethods="44"/>
      <file name="argument.js" path="/Users/simonwro120/101Script/ast/argument.js">
        <metrics statements="3" coveredstatements="2" conditionals="0" coveredconditionals="0" methods="2" coveredmethods="1"/>
        <line num="1" count="3" type="stmt"/>
        <line num="3" count="8" type="stmt"/>
        <line num="7" count="0" type="stmt"/>
      </file>
      <file name="assignment-statement.js" path="/Users/simonwro120/101Script/ast/assignment-statement.js">
        <metrics statements="4" coveredstatements="4" conditionals="0" coveredconditionals="0" methods="2" coveredmethods="2"/>
        <line num="1" count="3" type="stmt"/>
        <line num="3" count="17" type="stmt"/>
        <line num="7" count="2" type="stmt"/>
        <line num="8" count="2" type="stmt"/>
      </file>
      <file name="binary-expression.js" path="/Users/simonwro120/101Script/ast/binary-expression.js">
        <metrics statements="4" coveredstatements="4" conditionals="0" coveredconditionals="0" methods="2" coveredmethods="2"/>
        <line num="1" count="3" type="stmt"/>
        <line num="3" count="35" type="stmt"/>
        <line num="7" count="13" type="stmt"/>
        <line num="8" count="13" type="stmt"/>
      </file>
      <file name="block.js" path="/Users/simonwro120/101Script/ast/block.js">
        <metrics statements="3" coveredstatements="3" conditionals="0" coveredconditionals="0" methods="4" coveredmethods="4"/>
        <line num="3" count="3" type="stmt"/>
        <line num="5" count="101" type="stmt"/>
        <line num="9" count="19" type="stmt"/>
      </file>
      <file name="boolean-literal.js" path="/Users/simonwro120/101Script/ast/boolean-literal.js">
        <metrics statements="2" coveredstatements="2" conditionals="0" coveredconditionals="0" methods="2" coveredmethods="1"/>
        <line num="1" count="3" type="stmt"/>
        <line num="3" count="2" type="stmt"/>
      </file>
      <file name="break-statement.js" path="/Users/simonwro120/101Script/ast/break-statement.js">
        <metrics statements="3" coveredstatements="1" conditionals="2" coveredconditionals="0" methods="1" coveredmethods="0"/>
        <line num="2" count="3" type="stmt"/>
        <line num="4" count="0" type="cond" truecount="0" falsecount="2"/>
        <line num="5" count="0" type="stmt"/>
      </file>
      <file name="call-expression.js" path="/Users/simonwro120/101Script/ast/call-expression.js">
        <metrics statements="6" coveredstatements="4" conditionals="0" coveredconditionals="0" methods="3" coveredmethods="2"/>
        <line num="1" count="3" type="stmt"/>
        <line num="3" count="8" type="stmt"/>
        <line num="7" count="2" type="stmt"/>
        <line num="8" count="2" type="stmt"/>
        <line num="9" count="0" type="stmt"/>
        <line num="10" count="0" type="stmt"/>
      </file>
      <file name="call-statement.js" path="/Users/simonwro120/101Script/ast/call-statement.js">
        <metrics statements="3" coveredstatements="3" conditionals="0" coveredconditionals="0" methods="2" coveredmethods="2"/>
        <line num="1" count="3" type="stmt"/>
        <line num="3" count="7" type="stmt"/>
        <line num="7" count="2" type="stmt"/>
      </file>
      <file name="class-declaration.js" path="/Users/simonwro120/101Script/ast/class-declaration.js">
        <metrics statements="5" coveredstatements="5" conditionals="0" coveredconditionals="0" methods="2" coveredmethods="2"/>
        <line num="1" count="3" type="stmt"/>
        <line num="3" count="3" type="stmt"/>
        <line num="5" count="1" type="stmt"/>
        <line num="6" count="1" type="stmt"/>
        <line num="7" count="5" type="stmt"/>
      </file>
      <file name="field-expression.js" path="/Users/simonwro120/101Script/ast/field-expression.js">
        <metrics statements="2" coveredstatements="2" conditionals="0" coveredconditionals="0" methods="2" coveredmethods="2"/>
        <line num="1" count="3" type="stmt"/>
        <line num="3" count="1" type="stmt"/>
      </file>
      <file name="field.js" path="/Users/simonwro120/101Script/ast/field.js">
        <metrics statements="3" coveredstatements="2" conditionals="0" coveredconditionals="0" methods="2" coveredmethods="1"/>
        <line num="1" count="3" type="stmt"/>
        <line num="3" count="9" type="stmt"/>
        <line num="7" count="0" type="stmt"/>
      </file>
      <file name="function-declaration.js" path="/Users/simonwro120/101Script/ast/function-declaration.js">
        <metrics statements="8" coveredstatements="8" conditionals="0" coveredconditionals="0" methods="2" coveredmethods="2"/>
        <line num="1" count="3" type="stmt"/>
        <line num="3" count="3" type="stmt"/>
        <line num="5" count="9" type="stmt"/>
        <line num="6" count="9" type="stmt"/>
        <line num="11" count="5" type="stmt"/>
        <line num="12" count="5" type="stmt"/>
        <line num="15" count="5" type="stmt"/>
        <line num="16" count="5" type="stmt"/>
      </file>
      <file name="identifier-expression.js" path="/Users/simonwro120/101Script/ast/identifier-expression.js">
        <metrics statements="3" coveredstatements="3" conditionals="0" coveredconditionals="0" methods="2" coveredmethods="2"/>
        <line num="1" count="3" type="stmt"/>
        <line num="3" count="55" type="stmt"/>
        <line num="7" count="8" type="stmt"/>
      </file>
      <file name="if-statement.js" path="/Users/simonwro120/101Script/ast/if-statement.js">
        <metrics statements="5" coveredstatements="5" conditionals="0" coveredconditionals="0" methods="2" coveredmethods="2"/>
        <line num="1" count="3" type="stmt"/>
        <line num="3" count="6" type="stmt"/>
        <line num="12" count="3" type="stmt"/>
        <line num="13" count="3" type="stmt"/>
        <line num="14" count="3" type="stmt"/>
      </file>
      <file name="list-expression.js" path="/Users/simonwro120/101Script/ast/list-expression.js">
        <metrics statements="3" coveredstatements="1" conditionals="0" coveredconditionals="0" methods="3" coveredmethods="0"/>
        <line num="1" count="3" type="stmt"/>
        <line num="3" count="0" type="stmt"/>
        <line num="7" count="0" type="stmt"/>
      </file>
      <file name="method.js" path="/Users/simonwro120/101Script/ast/method.js">
        <metrics statements="6" coveredstatements="1" conditionals="0" coveredconditionals="0" methods="2" coveredmethods="0"/>
        <line num="1" count="3" type="stmt"/>
        <line num="3" count="0" type="stmt"/>
        <line num="4" count="0" type="stmt"/>
        <line num="5" count="0" type="stmt"/>
        <line num="11" count="0" type="stmt"/>
        <line num="12" count="0" type="stmt"/>
      </file>
      <file name="new-object.js" path="/Users/simonwro120/101Script/ast/new-object.js">
        <metrics statements="7" coveredstatements="7" conditionals="2" coveredconditionals="2" methods="5" coveredmethods="5"/>
        <line num="1" count="3" type="stmt"/>
        <line num="3" count="3" type="stmt"/>
        <line num="5" count="14" type="stmt"/>
        <line num="10" count="12" type="stmt"/>
        <line num="11" count="12" type="stmt"/>
        <line num="12" count="7" type="cond" truecount="2" falsecount="0"/>
        <line num="13" count="3" type="stmt"/>
      </file>
      <file name="numeric-literal.js" path="/Users/simonwro120/101Script/ast/numeric-literal.js">
        <metrics statements="2" coveredstatements="2" conditionals="0" coveredconditionals="0" methods="2" coveredmethods="2"/>
        <line num="1" count="3" type="stmt"/>
        <line num="3" count="53" type="stmt"/>
      </file>
      <file name="parameter.js" path="/Users/simonwro120/101Script/ast/parameter.js">
        <metrics statements="3" coveredstatements="3" conditionals="0" coveredconditionals="0" methods="2" coveredmethods="2"/>
        <line num="1" count="3" type="stmt"/>
        <line num="3" count="23" type="stmt"/>
        <line num="7" count="12" type="stmt"/>
      </file>
      <file name="program.js" path="/Users/simonwro120/101Script/ast/program.js">
        <metrics statements="5" coveredstatements="5" conditionals="0" coveredconditionals="0" methods="2" coveredmethods="2"/>
        <line num="1" count="3" type="stmt"/>
        <line num="3" count="3" type="stmt"/>
        <line num="5" count="31" type="stmt"/>
        <line num="9" count="11" type="stmt"/>
        <line num="10" count="11" type="stmt"/>
      </file>
      <file name="return-statement.js" path="/Users/simonwro120/101Script/ast/return-statement.js">
        <metrics statements="5" coveredstatements="5" conditionals="2" coveredconditionals="1" methods="2" coveredmethods="2"/>
        <line num="1" count="3" type="stmt"/>
        <line num="3" count="8" type="stmt"/>
        <line num="7" count="2" type="stmt"/>
        <line num="8" count="2" type="cond" truecount="1" falsecount="1"/>
        <line num="9" count="2" type="stmt"/>
      </file>
      <file name="string-literal.js" path="/Users/simonwro120/101Script/ast/string-literal.js">
        <metrics statements="2" coveredstatements="2" conditionals="0" coveredconditionals="0" methods="2" coveredmethods="2"/>
        <line num="1" count="3" type="stmt"/>
        <line num="3" count="16" type="stmt"/>
      </file>
      <file name="subscripted-expression.js" path="/Users/simonwro120/101Script/ast/subscripted-expression.js">
        <metrics statements="4" coveredstatements="1" conditionals="0" coveredconditionals="0" methods="2" coveredmethods="0"/>
        <line num="1" count="3" type="stmt"/>
        <line num="3" count="0" type="stmt"/>
        <line num="7" count="0" type="stmt"/>
        <line num="8" count="0" type="stmt"/>
      </file>
      <file name="unary-expression.js" path="/Users/simonwro120/101Script/ast/unary-expression.js">
        <metrics statements="3" coveredstatements="1" conditionals="0" coveredconditionals="0" methods="2" coveredmethods="0"/>
        <line num="1" count="3" type="stmt"/>
        <line num="3" count="0" type="stmt"/>
        <line num="7" count="0" type="stmt"/>
      </file>
      <file name="variable-declaration.js" path="/Users/simonwro120/101Script/ast/variable-declaration.js">
        <metrics statements="5" coveredstatements="5" conditionals="0" coveredconditionals="0" methods="2" coveredmethods="2"/>
        <line num="1" count="3" type="stmt"/>
        <line num="3" count="3" type="stmt"/>
        <line num="5" count="12" type="stmt"/>
        <line num="9" count="6" type="stmt"/>
        <line num="10" count="6" type="stmt"/>
      </file>
      <file name="variable.js" path="/Users/simonwro120/101Script/ast/variable.js">
        <metrics statements="2" coveredstatements="1" conditionals="0" coveredconditionals="0" methods="2" coveredmethods="0"/>
        <line num="1" count="3" type="stmt"/>
        <line num="3" count="0" type="stmt"/>
      </file>
      <file name="while-statement.js" path="/Users/simonwro120/101Script/ast/while-statement.js">
        <metrics statements="5" coveredstatements="5" conditionals="0" coveredconditionals="0" methods="2" coveredmethods="2"/>
        <line num="1" count="3" type="stmt"/>
        <line num="3" count="4" type="stmt"/>
        <line num="7" count="2" type="stmt"/>
        <line num="8" count="2" type="stmt"/>
        <line num="9" count="2" type="stmt"/>
      </file>
    </package>
    <package name="semantics">
      <metrics statements="25" coveredstatements="21" conditionals="16" coveredconditionals="12" methods="8" coveredmethods="7"/>
      <file name="context.js" path="/Users/simonwro120/101Script/semantics/context.js">
        <metrics statements="25" coveredstatements="21" conditionals="16" coveredconditionals="12" methods="8" coveredmethods="7"/>
        <line num="11" count="3" type="stmt"/>
        <line num="12" count="3" type="stmt"/>
        <line num="13" count="3" type="stmt"/>
        <line num="14" count="3" type="stmt"/>
        <line num="18" count="24" type="stmt"/>
        <line num="26" count="5" type="stmt"/>
        <line num="31" count="5" type="stmt"/>
        <line num="37" count="0" type="stmt"/>
        <line num="51" count="23" type="cond" truecount="3" falsecount="1"/>
        <line num="52" count="0" type="stmt"/>
        <line num="54" count="23" type="stmt"/>
        <line num="60" count="11" type="cond" truecount="2" falsecount="0"/>
        <line num="61" count="8" type="stmt"/>
        <line num="62" count="3" type="cond" truecount="1" falsecount="1"/>
        <line num="64" count="0" type="stmt"/>
        <line num="66" count="3" type="stmt"/>
        <line num="71" count="2" type="cond" truecount="1" falsecount="1"/>
        <line num="72" count="0" type="stmt"/>
        <line num="78" count="2" type="stmt"/>
        <line num="79" count="2" type="stmt"/>
        <line num="80" count="2" type="cond" truecount="1" falsecount="1"/>
        <line num="82" count="2" type="stmt"/>
        <line num="87" count="3" type="stmt"/>
        <line num="88" count="3" type="stmt"/>
        <line num="90" count="3" type="stmt"/>
      </file>
    </package>
    <package name="syntax">
      <metrics statements="75" coveredstatements="69" conditionals="6" coveredconditionals="5" methods="39" coveredmethods="33"/>
      <file name="parser.js" path="/Users/simonwro120/101Script/syntax/parser.js">
        <metrics statements="75" coveredstatements="69" conditionals="6" coveredconditionals="5" methods="39" coveredmethods="33"/>
        <line num="1" count="3" type="stmt"/>
        <line num="2" count="3" type="stmt"/>
        <line num="3" count="3" type="stmt"/>
        <line num="5" count="3" type="stmt"/>
        <line num="6" count="3" type="stmt"/>
        <line num="7" count="3" type="stmt"/>
        <line num="8" count="3" type="stmt"/>
        <line num="9" count="3" type="stmt"/>
        <line num="10" count="3" type="stmt"/>
        <line num="11" count="3" type="stmt"/>
        <line num="12" count="3" type="stmt"/>
        <line num="13" count="3" type="stmt"/>
        <line num="14" count="3" type="stmt"/>
        <line num="15" count="3" type="stmt"/>
        <line num="16" count="3" type="stmt"/>
        <line num="17" count="3" type="stmt"/>
        <line num="18" count="3" type="stmt"/>
        <line num="19" count="3" type="stmt"/>
        <line num="20" count="3" type="stmt"/>
        <line num="21" count="3" type="stmt"/>
        <line num="22" count="3" type="stmt"/>
        <line num="23" count="3" type="stmt"/>
        <line num="24" count="3" type="stmt"/>
        <line num="25" count="3" type="stmt"/>
        <line num="26" count="3" type="stmt"/>
        <line num="27" count="3" type="stmt"/>
        <line num="28" count="3" type="stmt"/>
        <line num="29" count="3" type="stmt"/>
        <line num="30" count="3" type="stmt"/>
        <line num="32" count="3" type="stmt"/>
        <line num="36" count="24" type="cond" truecount="2" falsecount="0"/>
        <line num="40" count="1" type="cond" truecount="1" falsecount="1"/>
        <line num="44" count="3" type="stmt"/>
        <line num="46" count="31" type="stmt"/>
        <line num="48" count="31" type="stmt"/>
        <line num="52" count="52" type="stmt"/>
        <line num="56" count="30" type="stmt"/>
        <line num="60" count="4" type="stmt"/>
        <line num="64" count="6" type="stmt"/>
        <line num="68" count="6" type="stmt"/>
        <line num="72" count="12" type="stmt"/>
        <line num="76" count="17" type="stmt"/>
        <line num="80" count="7" type="stmt"/>
        <line num="84" count="0" type="stmt"/>
        <line num="88" count="8" type="stmt"/>
        <line num="92" count="1" type="stmt"/>
        <line num="96" count="0" type="stmt"/>
        <line num="100" count="10" type="stmt"/>
        <line num="104" count="13" type="stmt"/>
        <line num="108" count="11" type="stmt"/>
        <line num="112" count="0" type="stmt"/>
        <line num="116" count="0" type="stmt"/>
        <line num="120" count="3" type="stmt"/>
        <line num="124" count="8" type="stmt"/>
        <line num="128" count="1" type="stmt"/>
        <line num="132" count="4" type="stmt"/>
        <line num="136" count="0" type="stmt"/>
        <line num="140" count="1" type="stmt"/>
        <line num="144" count="55" type="stmt"/>
        <line num="148" count="8" type="stmt"/>
        <line num="152" count="9" type="stmt"/>
        <line num="156" count="0" type="stmt"/>
        <line num="160" count="8" type="stmt"/>
        <line num="164" count="12" type="stmt"/>
        <line num="168" count="2" type="stmt"/>
        <line num="172" count="2" type="stmt"/>
        <line num="176" count="53" type="stmt"/>
        <line num="180" count="16" type="stmt"/>
        <line num="184" count="95" type="stmt"/>
        <line num="188" count="99" type="stmt"/>
        <line num="193" count="3" type="stmt"/>
        <line num="194" count="32" type="stmt"/>
        <line num="195" count="32" type="cond" truecount="2" falsecount="0"/>
        <line num="196" count="1" type="stmt"/>
        <line num="198" count="31" type="stmt"/>
      </file>
    </package>
  </project>
</coverage>
