{"/Users/keabraekman/Documents/LMU/CMSI 488/101Script/101.js": {"path":"/Users/keabraekman/Documents/LMU/CMSI 488/101Script/101.js","statementMap":{"0":{"start":{"line":26,"column":11},"end":{"line":26,"column":24}},"1":{"start":{"line":27,"column":13},"end":{"line":27,"column":28}},"2":{"start":{"line":28,"column":14},"end":{"line":28,"column":30}},"3":{"start":{"line":29,"column":14},"end":{"line":29,"column":40}},"4":{"start":{"line":30,"column":16},"end":{"line":30,"column":46}},"5":{"start":{"line":35,"column":16},"end":{"line":35,"column":33}},"6":{"start":{"line":36,"column":2},"end":{"line":38,"column":3}},"7":{"start":{"line":37,"column":4},"end":{"line":37,"column":50}},"8":{"start":{"line":39,"column":2},"end":{"line":39,"column":35}},"9":{"start":{"line":40,"column":2},"end":{"line":42,"column":3}},"10":{"start":{"line":41,"column":4},"end":{"line":41,"column":33}},"11":{"start":{"line":43,"column":2},"end":{"line":45,"column":3}},"12":{"start":{"line":44,"column":4},"end":{"line":44,"column":50}},"13":{"start":{"line":47,"column":2},"end":{"line":47,"column":23}},"14":{"start":{"line":52,"column":2},"end":{"line":58,"column":5}},"15":{"start":{"line":53,"column":4},"end":{"line":56,"column":5}},"16":{"start":{"line":54,"column":6},"end":{"line":54,"column":27}},"17":{"start":{"line":55,"column":6},"end":{"line":55,"column":13}},"18":{"start":{"line":61,"column":0},"end":{"line":61,"column":42}},"19":{"start":{"line":65,"column":0},"end":{"line":73,"column":1}},"20":{"start":{"line":66,"column":19},"end":{"line":71,"column":14}},"21":{"start":{"line":72,"column":2},"end":{"line":72,"column":92}}},"fnMap":{"0":{"name":"compile","decl":{"start":{"line":34,"column":9},"end":{"line":34,"column":16}},"loc":{"start":{"line":34,"column":72},"end":{"line":48,"column":1}},"line":34},"1":{"name":"compileFile","decl":{"start":{"line":51,"column":9},"end":{"line":51,"column":20}},"loc":{"start":{"line":51,"column":40},"end":{"line":59,"column":1}},"line":51},"2":{"name":"(anonymous_2)","decl":{"start":{"line":52,"column":33},"end":{"line":52,"column":34}},"loc":{"start":{"line":52,"column":56},"end":{"line":58,"column":3}},"line":52}},"branchMap":{"0":{"loc":{"start":{"line":36,"column":2},"end":{"line":38,"column":3}},"type":"if","locations":[{"start":{"line":36,"column":2},"end":{"line":38,"column":3}},{"start":{"line":36,"column":2},"end":{"line":38,"column":3}}],"line":36},"1":{"loc":{"start":{"line":40,"column":2},"end":{"line":42,"column":3}},"type":"if","locations":[{"start":{"line":40,"column":2},"end":{"line":42,"column":3}},{"start":{"line":40,"column":2},"end":{"line":42,"column":3}}],"line":40},"2":{"loc":{"start":{"line":43,"column":2},"end":{"line":45,"column":3}},"type":"if","locations":[{"start":{"line":43,"column":2},"end":{"line":45,"column":3}},{"start":{"line":43,"column":2},"end":{"line":45,"column":3}}],"line":43},"3":{"loc":{"start":{"line":53,"column":4},"end":{"line":56,"column":5}},"type":"if","locations":[{"start":{"line":53,"column":4},"end":{"line":56,"column":5}},{"start":{"line":53,"column":4},"end":{"line":56,"column":5}}],"line":53},"4":{"loc":{"start":{"line":65,"column":0},"end":{"line":73,"column":1}},"type":"if","locations":[{"start":{"line":65,"column":0},"end":{"line":73,"column":1}},{"start":{"line":65,"column":0},"end":{"line":73,"column":1}}],"line":65}},"s":{"0":1,"1":1,"2":1,"3":1,"4":1,"5":1,"6":1,"7":0,"8":1,"9":0,"10":0,"11":0,"12":0,"13":0,"14":0,"15":0,"16":0,"17":0,"18":1,"19":1,"20":0,"21":0},"f":{"0":1,"1":0,"2":0},"b":{"0":[0,1],"1":[0,0],"2":[0,0],"3":[0,0],"4":[0,1]},"_coverageSchema":"43e27e138ebf9cfc5966b082cf9a028302ed4184","hash":"7d8626352b570a4cae53ef6eeab3a720c016e9ef"}
,"/Users/keabraekman/Documents/LMU/CMSI 488/101Script/ast/argument.js": {"path":"/Users/keabraekman/Documents/LMU/CMSI 488/101Script/ast/argument.js","statementMap":{"0":{"start":{"line":1,"column":0},"end":{"line":9,"column":2}},"1":{"start":{"line":3,"column":4},"end":{"line":3,"column":44}},"2":{"start":{"line":7,"column":4},"end":{"line":7,"column":37}}},"fnMap":{"0":{"name":"(anonymous_0)","decl":{"start":{"line":2,"column":2},"end":{"line":2,"column":3}},"loc":{"start":{"line":2,"column":30},"end":{"line":4,"column":3}},"line":2},"1":{"name":"(anonymous_1)","decl":{"start":{"line":6,"column":2},"end":{"line":6,"column":3}},"loc":{"start":{"line":6,"column":19},"end":{"line":8,"column":3}},"line":6}},"branchMap":{},"s":{"0":4,"1":5,"2":0},"f":{"0":5,"1":0},"b":{},"_coverageSchema":"43e27e138ebf9cfc5966b082cf9a028302ed4184","hash":"311d803c6b1ec65aa64da4953e1755c4374f9f74"}
,"/Users/keabraekman/Documents/LMU/CMSI 488/101Script/ast/assignment-statement.js": {"path":"/Users/keabraekman/Documents/LMU/CMSI 488/101Script/ast/assignment-statement.js","statementMap":{"0":{"start":{"line":1,"column":0},"end":{"line":10,"column":2}},"1":{"start":{"line":3,"column":4},"end":{"line":3,"column":44}},"2":{"start":{"line":7,"column":4},"end":{"line":7,"column":33}},"3":{"start":{"line":8,"column":4},"end":{"line":8,"column":33}}},"fnMap":{"0":{"name":"(anonymous_0)","decl":{"start":{"line":2,"column":2},"end":{"line":2,"column":3}},"loc":{"start":{"line":2,"column":30},"end":{"line":4,"column":3}},"line":2},"1":{"name":"(anonymous_1)","decl":{"start":{"line":6,"column":2},"end":{"line":6,"column":3}},"loc":{"start":{"line":6,"column":19},"end":{"line":9,"column":3}},"line":6}},"branchMap":{},"s":{"0":4,"1":19,"2":3,"3":3},"f":{"0":19,"1":3},"b":{},"_coverageSchema":"43e27e138ebf9cfc5966b082cf9a028302ed4184","hash":"fb99614c8e269dd5f4c11f30cdb46d44656ce3b6"}
,"/Users/keabraekman/Documents/LMU/CMSI 488/101Script/ast/binary-expression.js": {"path":"/Users/keabraekman/Documents/LMU/CMSI 488/101Script/ast/binary-expression.js","statementMap":{"0":{"start":{"line":1,"column":0},"end":{"line":10,"column":2}},"1":{"start":{"line":3,"column":4},"end":{"line":3,"column":45}},"2":{"start":{"line":7,"column":4},"end":{"line":7,"column":31}},"3":{"start":{"line":8,"column":4},"end":{"line":8,"column":32}}},"fnMap":{"0":{"name":"(anonymous_0)","decl":{"start":{"line":2,"column":2},"end":{"line":2,"column":3}},"loc":{"start":{"line":2,"column":31},"end":{"line":4,"column":3}},"line":2},"1":{"name":"(anonymous_1)","decl":{"start":{"line":6,"column":2},"end":{"line":6,"column":3}},"loc":{"start":{"line":6,"column":19},"end":{"line":9,"column":3}},"line":6}},"branchMap":{},"s":{"0":4,"1":37,"2":15,"3":14},"f":{"0":37,"1":15},"b":{},"_coverageSchema":"43e27e138ebf9cfc5966b082cf9a028302ed4184","hash":"dde5e681e9c1447bf634faa9fae63f6e529e089d"}
,"/Users/keabraekman/Documents/LMU/CMSI 488/101Script/ast/block.js": {"path":"/Users/keabraekman/Documents/LMU/CMSI 488/101Script/ast/block.js","statementMap":{"0":{"start":{"line":3,"column":0},"end":{"line":11,"column":2}},"1":{"start":{"line":5,"column":4},"end":{"line":5,"column":64}},"2":{"start":{"line":5,"column":45},"end":{"line":5,"column":62}},"3":{"start":{"line":9,"column":4},"end":{"line":9,"column":53}},"4":{"start":{"line":9,"column":33},"end":{"line":9,"column":51}}},"fnMap":{"0":{"name":"(anonymous_0)","decl":{"start":{"line":4,"column":2},"end":{"line":4,"column":3}},"loc":{"start":{"line":4,"column":26},"end":{"line":6,"column":3}},"line":4},"1":{"name":"(anonymous_1)","decl":{"start":{"line":5,"column":40},"end":{"line":5,"column":41}},"loc":{"start":{"line":5,"column":45},"end":{"line":5,"column":62}},"line":5},"2":{"name":"(anonymous_2)","decl":{"start":{"line":8,"column":2},"end":{"line":8,"column":3}},"loc":{"start":{"line":8,"column":19},"end":{"line":10,"column":3}},"line":8},"3":{"name":"(anonymous_3)","decl":{"start":{"line":9,"column":28},"end":{"line":9,"column":29}},"loc":{"start":{"line":9,"column":33},"end":{"line":9,"column":51}},"line":9}},"branchMap":{},"s":{"0":4,"1":62,"2":113,"3":21,"4":26},"f":{"0":62,"1":113,"2":21,"3":26},"b":{},"_coverageSchema":"43e27e138ebf9cfc5966b082cf9a028302ed4184","hash":"94bbfd57ab86332f7a8d0d1457c9e50c4d3715e4"}
,"/Users/keabraekman/Documents/LMU/CMSI 488/101Script/ast/boolean-literal.js": {"path":"/Users/keabraekman/Documents/LMU/CMSI 488/101Script/ast/boolean-literal.js","statementMap":{"0":{"start":{"line":1,"column":0},"end":{"line":9,"column":2}},"1":{"start":{"line":3,"column":4},"end":{"line":3,"column":23}}},"fnMap":{"0":{"name":"(anonymous_0)","decl":{"start":{"line":2,"column":2},"end":{"line":2,"column":3}},"loc":{"start":{"line":2,"column":21},"end":{"line":4,"column":3}},"line":2},"1":{"name":"(anonymous_1)","decl":{"start":{"line":6,"column":2},"end":{"line":6,"column":3}},"loc":{"start":{"line":6,"column":12},"end":{"line":8,"column":3}},"line":6}},"branchMap":{},"s":{"0":4,"1":2},"f":{"0":2,"1":0},"b":{},"_coverageSchema":"43e27e138ebf9cfc5966b082cf9a028302ed4184","hash":"65052cf5ccf094bd3d3e3c581122576f91825547"}
,"/Users/keabraekman/Documents/LMU/CMSI 488/101Script/ast/break-statement.js": {"path":"/Users/keabraekman/Documents/LMU/CMSI 488/101Script/ast/break-statement.js","statementMap":{"0":{"start":{"line":2,"column":0},"end":{"line":8,"column":2}},"1":{"start":{"line":4,"column":4},"end":{"line":6,"column":5}},"2":{"start":{"line":5,"column":6},"end":{"line":5,"column":54}}},"fnMap":{"0":{"name":"(anonymous_0)","decl":{"start":{"line":3,"column":2},"end":{"line":3,"column":3}},"loc":{"start":{"line":3,"column":19},"end":{"line":7,"column":3}},"line":3}},"branchMap":{"0":{"loc":{"start":{"line":4,"column":4},"end":{"line":6,"column":5}},"type":"if","locations":[{"start":{"line":4,"column":4},"end":{"line":6,"column":5}},{"start":{"line":4,"column":4},"end":{"line":6,"column":5}}],"line":4}},"s":{"0":4,"1":1,"2":1},"f":{"0":1},"b":{"0":[1,0]},"_coverageSchema":"43e27e138ebf9cfc5966b082cf9a028302ed4184","hash":"35e393a8732a5548fe102dc6c787c82159f4b0ce"}
,"/Users/keabraekman/Documents/LMU/CMSI 488/101Script/ast/call-expression.js": {"path":"/Users/keabraekman/Documents/LMU/CMSI 488/101Script/ast/call-expression.js","statementMap":{"0":{"start":{"line":1,"column":0},"end":{"line":12,"column":2}},"1":{"start":{"line":3,"column":4},"end":{"line":3,"column":42}},"2":{"start":{"line":8,"column":4},"end":{"line":8,"column":42}},"3":{"start":{"line":9,"column":4},"end":{"line":9,"column":44}},"4":{"start":{"line":10,"column":4},"end":{"line":10,"column":51}},"5":{"start":{"line":10,"column":29},"end":{"line":10,"column":49}}},"fnMap":{"0":{"name":"(anonymous_0)","decl":{"start":{"line":2,"column":2},"end":{"line":2,"column":3}},"loc":{"start":{"line":2,"column":28},"end":{"line":4,"column":3}},"line":2},"1":{"name":"(anonymous_1)","decl":{"start":{"line":6,"column":2},"end":{"line":6,"column":3}},"loc":{"start":{"line":6,"column":19},"end":{"line":11,"column":3}},"line":6},"2":{"name":"(anonymous_2)","decl":{"start":{"line":10,"column":22},"end":{"line":10,"column":23}},"loc":{"start":{"line":10,"column":29},"end":{"line":10,"column":49}},"line":10}},"branchMap":{},"s":{"0":4,"1":6,"2":2,"3":0,"4":0,"5":0},"f":{"0":6,"1":2,"2":0},"b":{},"_coverageSchema":"43e27e138ebf9cfc5966b082cf9a028302ed4184","hash":"c46bb532a285e43b685bcaf85320968dc0e3a945"}
,"/Users/keabraekman/Documents/LMU/CMSI 488/101Script/ast/call-statement.js": {"path":"/Users/keabraekman/Documents/LMU/CMSI 488/101Script/ast/call-statement.js","statementMap":{"0":{"start":{"line":1,"column":0},"end":{"line":9,"column":2}},"1":{"start":{"line":3,"column":4},"end":{"line":3,"column":18}},"2":{"start":{"line":7,"column":4},"end":{"line":7,"column":31}}},"fnMap":{"0":{"name":"(anonymous_0)","decl":{"start":{"line":2,"column":2},"end":{"line":2,"column":3}},"loc":{"start":{"line":2,"column":17},"end":{"line":4,"column":3}},"line":2},"1":{"name":"(anonymous_1)","decl":{"start":{"line":6,"column":2},"end":{"line":6,"column":3}},"loc":{"start":{"line":6,"column":19},"end":{"line":8,"column":3}},"line":6}},"branchMap":{},"s":{"0":4,"1":4,"2":1},"f":{"0":4,"1":1},"b":{},"_coverageSchema":"43e27e138ebf9cfc5966b082cf9a028302ed4184","hash":"da6817b4d731f4dcc374e4fcd426f57232389e72"}
,"/Users/keabraekman/Documents/LMU/CMSI 488/101Script/ast/class-declaration.js": {"path":"/Users/keabraekman/Documents/LMU/CMSI 488/101Script/ast/class-declaration.js","statementMap":{"0":{"start":{"line":1,"column":18},"end":{"line":1,"column":41}},"1":{"start":{"line":3,"column":0},"end":{"line":9,"column":2}},"2":{"start":{"line":5,"column":4},"end":{"line":5,"column":17}},"3":{"start":{"line":6,"column":4},"end":{"line":6,"column":52}},"4":{"start":{"line":7,"column":4},"end":{"line":7,"column":52}},"5":{"start":{"line":7,"column":33},"end":{"line":7,"column":50}}},"fnMap":{"0":{"name":"(anonymous_0)","decl":{"start":{"line":4,"column":2},"end":{"line":4,"column":3}},"loc":{"start":{"line":4,"column":32},"end":{"line":8,"column":3}},"line":4},"1":{"name":"(anonymous_1)","decl":{"start":{"line":7,"column":28},"end":{"line":7,"column":29}},"loc":{"start":{"line":7,"column":33},"end":{"line":7,"column":50}},"line":7}},"branchMap":{},"s":{"0":4,"1":4,"2":2,"3":2,"4":2,"5":10},"f":{"0":2,"1":10},"b":{},"_coverageSchema":"43e27e138ebf9cfc5966b082cf9a028302ed4184","hash":"9b39d4b2ed39ca383d8fde2417e6a08de948cda6"}
,"/Users/keabraekman/Documents/LMU/CMSI 488/101Script/ast/field-expression.js": {"path":"/Users/keabraekman/Documents/LMU/CMSI 488/101Script/ast/field-expression.js","statementMap":{"0":{"start":{"line":1,"column":0},"end":{"line":9,"column":2}},"1":{"start":{"line":3,"column":4},"end":{"line":3,"column":42}}},"fnMap":{"0":{"name":"(anonymous_0)","decl":{"start":{"line":2,"column":2},"end":{"line":2,"column":3}},"loc":{"start":{"line":2,"column":28},"end":{"line":4,"column":3}},"line":2},"1":{"name":"(anonymous_1)","decl":{"start":{"line":6,"column":2},"end":{"line":6,"column":3}},"loc":{"start":{"line":6,"column":19},"end":{"line":8,"column":3}},"line":6}},"branchMap":{},"s":{"0":4,"1":1},"f":{"0":1,"1":2},"b":{},"_coverageSchema":"43e27e138ebf9cfc5966b082cf9a028302ed4184","hash":"c2c5ad51ced1db8f8da23ade80972b7694fe4b8e"}
,"/Users/keabraekman/Documents/LMU/CMSI 488/101Script/ast/field.js": {"path":"/Users/keabraekman/Documents/LMU/CMSI 488/101Script/ast/field.js","statementMap":{"0":{"start":{"line":1,"column":0},"end":{"line":9,"column":2}},"1":{"start":{"line":3,"column":4},"end":{"line":3,"column":44}},"2":{"start":{"line":7,"column":4},"end":{"line":7,"column":37}}},"fnMap":{"0":{"name":"(anonymous_0)","decl":{"start":{"line":2,"column":2},"end":{"line":2,"column":3}},"loc":{"start":{"line":2,"column":30},"end":{"line":4,"column":3}},"line":2},"1":{"name":"(anonymous_1)","decl":{"start":{"line":6,"column":2},"end":{"line":6,"column":3}},"loc":{"start":{"line":6,"column":19},"end":{"line":8,"column":3}},"line":6}},"branchMap":{},"s":{"0":4,"1":13,"2":0},"f":{"0":13,"1":0},"b":{},"_coverageSchema":"43e27e138ebf9cfc5966b082cf9a028302ed4184","hash":"24634ba77d00be2254ed7c24a5f3bcfd356e822f"}
,"/Users/keabraekman/Documents/LMU/CMSI 488/101Script/ast/function-declaration.js": {"path":"/Users/keabraekman/Documents/LMU/CMSI 488/101Script/ast/function-declaration.js","statementMap":{"0":{"start":{"line":1,"column":18},"end":{"line":1,"column":41}},"1":{"start":{"line":3,"column":0},"end":{"line":19,"column":2}},"2":{"start":{"line":5,"column":4},"end":{"line":5,"column":17}},"3":{"start":{"line":6,"column":4},"end":{"line":6,"column":30}},"4":{"start":{"line":7,"column":4},"end":{"line":7,"column":52}},"5":{"start":{"line":16,"column":4},"end":{"line":16,"column":31}},"6":{"start":{"line":17,"column":4},"end":{"line":17,"column":75}}},"fnMap":{"0":{"name":"(anonymous_0)","decl":{"start":{"line":4,"column":2},"end":{"line":4,"column":3}},"loc":{"start":{"line":4,"column":32},"end":{"line":8,"column":3}},"line":4},"1":{"name":"(anonymous_1)","decl":{"start":{"line":11,"column":2},"end":{"line":11,"column":3}},"loc":{"start":{"line":11,"column":19},"end":{"line":18,"column":3}},"line":11}},"branchMap":{},"s":{"0":4,"1":4,"2":12,"3":12,"4":12,"5":8,"6":8},"f":{"0":12,"1":8},"b":{},"_coverageSchema":"43e27e138ebf9cfc5966b082cf9a028302ed4184","hash":"e012c74d5b90425b65b1f2617646f276b95f42e6"}
,"/Users/keabraekman/Documents/LMU/CMSI 488/101Script/ast/identifier-expression.js": {"path":"/Users/keabraekman/Documents/LMU/CMSI 488/101Script/ast/identifier-expression.js","statementMap":{"0":{"start":{"line":1,"column":0},"end":{"line":9,"column":2}},"1":{"start":{"line":3,"column":4},"end":{"line":3,"column":29}},"2":{"start":{"line":7,"column":4},"end":{"line":7,"column":50}}},"fnMap":{"0":{"name":"(anonymous_0)","decl":{"start":{"line":2,"column":2},"end":{"line":2,"column":3}},"loc":{"start":{"line":2,"column":24},"end":{"line":4,"column":3}},"line":2},"1":{"name":"(anonymous_1)","decl":{"start":{"line":6,"column":2},"end":{"line":6,"column":3}},"loc":{"start":{"line":6,"column":19},"end":{"line":8,"column":3}},"line":6}},"branchMap":{},"s":{"0":4,"1":58,"2":12},"f":{"0":58,"1":12},"b":{},"_coverageSchema":"43e27e138ebf9cfc5966b082cf9a028302ed4184","hash":"01ba3358a86474d869acdd5ada5ae8f0c2d41efe"}
,"/Users/keabraekman/Documents/LMU/CMSI 488/101Script/ast/if-statement.js": {"path":"/Users/keabraekman/Documents/LMU/CMSI 488/101Script/ast/if-statement.js","statementMap":{"0":{"start":{"line":1,"column":0},"end":{"line":19,"column":2}},"1":{"start":{"line":3,"column":4},"end":{"line":3,"column":45}},"2":{"start":{"line":12,"column":4},"end":{"line":12,"column":31}},"3":{"start":{"line":13,"column":24},"end":{"line":13,"column":59}},"4":{"start":{"line":14,"column":4},"end":{"line":14,"column":35}}},"fnMap":{"0":{"name":"(anonymous_0)","decl":{"start":{"line":2,"column":2},"end":{"line":2,"column":3}},"loc":{"start":{"line":2,"column":31},"end":{"line":4,"column":3}},"line":2},"1":{"name":"(anonymous_1)","decl":{"start":{"line":7,"column":2},"end":{"line":7,"column":3}},"loc":{"start":{"line":7,"column":19},"end":{"line":18,"column":3}},"line":7}},"branchMap":{},"s":{"0":4,"1":6,"2":3,"3":3,"4":3},"f":{"0":6,"1":3},"b":{},"_coverageSchema":"43e27e138ebf9cfc5966b082cf9a028302ed4184","hash":"5f83d0709fa2629e91e6acd3d031c62b6b6f5997"}
,"/Users/keabraekman/Documents/LMU/CMSI 488/101Script/ast/list-expression.js": {"path":"/Users/keabraekman/Documents/LMU/CMSI 488/101Script/ast/list-expression.js","statementMap":{"0":{"start":{"line":1,"column":0},"end":{"line":9,"column":2}},"1":{"start":{"line":3,"column":4},"end":{"line":3,"column":27}},"2":{"start":{"line":7,"column":4},"end":{"line":7,"column":60}},"3":{"start":{"line":7,"column":35},"end":{"line":7,"column":58}}},"fnMap":{"0":{"name":"(anonymous_0)","decl":{"start":{"line":2,"column":2},"end":{"line":2,"column":3}},"loc":{"start":{"line":2,"column":23},"end":{"line":4,"column":3}},"line":2},"1":{"name":"(anonymous_1)","decl":{"start":{"line":6,"column":2},"end":{"line":6,"column":3}},"loc":{"start":{"line":6,"column":19},"end":{"line":8,"column":3}},"line":6},"2":{"name":"(anonymous_2)","decl":{"start":{"line":7,"column":25},"end":{"line":7,"column":26}},"loc":{"start":{"line":7,"column":35},"end":{"line":7,"column":58}},"line":7}},"branchMap":{},"s":{"0":4,"1":2,"2":2,"3":4},"f":{"0":2,"1":2,"2":4},"b":{},"_coverageSchema":"43e27e138ebf9cfc5966b082cf9a028302ed4184","hash":"2265bc218119d321d697f5d5a61d52f0d997e9e5"}
,"/Users/keabraekman/Documents/LMU/CMSI 488/101Script/ast/method.js": {"path":"/Users/keabraekman/Documents/LMU/CMSI 488/101Script/ast/method.js","statementMap":{"0":{"start":{"line":1,"column":0},"end":{"line":14,"column":2}},"1":{"start":{"line":3,"column":4},"end":{"line":3,"column":17}},"2":{"start":{"line":4,"column":4},"end":{"line":4,"column":25}},"3":{"start":{"line":5,"column":4},"end":{"line":5,"column":21}},"4":{"start":{"line":11,"column":4},"end":{"line":11,"column":31}},"5":{"start":{"line":12,"column":4},"end":{"line":12,"column":75}}},"fnMap":{"0":{"name":"(anonymous_0)","decl":{"start":{"line":2,"column":2},"end":{"line":2,"column":3}},"loc":{"start":{"line":2,"column":32},"end":{"line":6,"column":3}},"line":2},"1":{"name":"(anonymous_1)","decl":{"start":{"line":8,"column":2},"end":{"line":8,"column":3}},"loc":{"start":{"line":8,"column":19},"end":{"line":13,"column":3}},"line":8}},"branchMap":{},"s":{"0":4,"1":0,"2":0,"3":0,"4":0,"5":0},"f":{"0":0,"1":0},"b":{},"_coverageSchema":"43e27e138ebf9cfc5966b082cf9a028302ed4184","hash":"ab0afd58af8e10f0e00dc2c5aef1c737813fbd96"}
,"/Users/keabraekman/Documents/LMU/CMSI 488/101Script/ast/new-object.js": {"path":"/Users/keabraekman/Documents/LMU/CMSI 488/101Script/ast/new-object.js","statementMap":{"0":{"start":{"line":1,"column":18},"end":{"line":1,"column":40}},"1":{"start":{"line":3,"column":0},"end":{"line":20,"column":2}},"2":{"start":{"line":5,"column":4},"end":{"line":5,"column":46}},"3":{"start":{"line":10,"column":4},"end":{"line":10,"column":31}},"4":{"start":{"line":14,"column":4},"end":{"line":14,"column":81}},"5":{"start":{"line":14,"column":39},"end":{"line":14,"column":79}},"6":{"start":{"line":15,"column":4},"end":{"line":15,"column":45}},"7":{"start":{"line":15,"column":25},"end":{"line":15,"column":43}},"8":{"start":{"line":16,"column":4},"end":{"line":18,"column":5}},"9":{"start":{"line":17,"column":6},"end":{"line":17,"column":56}},"10":{"start":{"line":17,"column":36},"end":{"line":17,"column":54}}},"fnMap":{"0":{"name":"(anonymous_0)","decl":{"start":{"line":4,"column":2},"end":{"line":4,"column":3}},"loc":{"start":{"line":4,"column":32},"end":{"line":7,"column":3}},"line":4},"1":{"name":"(anonymous_1)","decl":{"start":{"line":9,"column":2},"end":{"line":9,"column":3}},"loc":{"start":{"line":9,"column":19},"end":{"line":11,"column":3}},"line":9},"2":{"name":"(anonymous_2)","decl":{"start":{"line":13,"column":2},"end":{"line":13,"column":3}},"loc":{"start":{"line":13,"column":19},"end":{"line":19,"column":3}},"line":13},"3":{"name":"(anonymous_3)","decl":{"start":{"line":14,"column":34},"end":{"line":14,"column":35}},"loc":{"start":{"line":14,"column":39},"end":{"line":14,"column":79}},"line":14},"4":{"name":"(anonymous_4)","decl":{"start":{"line":15,"column":20},"end":{"line":15,"column":21}},"loc":{"start":{"line":15,"column":25},"end":{"line":15,"column":43}},"line":15},"5":{"name":"(anonymous_5)","decl":{"start":{"line":17,"column":31},"end":{"line":17,"column":32}},"loc":{"start":{"line":17,"column":36},"end":{"line":17,"column":54}},"line":17}},"branchMap":{"0":{"loc":{"start":{"line":16,"column":4},"end":{"line":18,"column":5}},"type":"if","locations":[{"start":{"line":16,"column":4},"end":{"line":18,"column":5}},{"start":{"line":16,"column":4},"end":{"line":18,"column":5}}],"line":16}},"s":{"0":4,"1":4,"2":19,"3":0,"4":11,"5":19,"6":11,"7":18,"8":10,"9":4,"10":5},"f":{"0":19,"1":0,"2":11,"3":19,"4":18,"5":5},"b":{"0":[4,6]},"_coverageSchema":"43e27e138ebf9cfc5966b082cf9a028302ed4184","hash":"3a27de80633fde5e8a3b8dac7dbff3447cafba52"}
,"/Users/keabraekman/Documents/LMU/CMSI 488/101Script/ast/numeric-literal.js": {"path":"/Users/keabraekman/Documents/LMU/CMSI 488/101Script/ast/numeric-literal.js","statementMap":{"0":{"start":{"line":1,"column":0},"end":{"line":9,"column":2}},"1":{"start":{"line":3,"column":4},"end":{"line":3,"column":23}}},"fnMap":{"0":{"name":"(anonymous_0)","decl":{"start":{"line":2,"column":2},"end":{"line":2,"column":3}},"loc":{"start":{"line":2,"column":21},"end":{"line":4,"column":3}},"line":2},"1":{"name":"(anonymous_1)","decl":{"start":{"line":6,"column":2},"end":{"line":6,"column":3}},"loc":{"start":{"line":6,"column":12},"end":{"line":8,"column":3}},"line":6}},"branchMap":{},"s":{"0":4,"1":59},"f":{"0":59,"1":24},"b":{},"_coverageSchema":"43e27e138ebf9cfc5966b082cf9a028302ed4184","hash":"071573012b14c21f8898caf8bf1086c7eab632d9"}
,"/Users/keabraekman/Documents/LMU/CMSI 488/101Script/ast/parameter.js": {"path":"/Users/keabraekman/Documents/LMU/CMSI 488/101Script/ast/parameter.js","statementMap":{"0":{"start":{"line":1,"column":0},"end":{"line":9,"column":2}},"1":{"start":{"line":3,"column":4},"end":{"line":3,"column":50}},"2":{"start":{"line":7,"column":4},"end":{"line":7,"column":22}}},"fnMap":{"0":{"name":"(anonymous_0)","decl":{"start":{"line":2,"column":2},"end":{"line":2,"column":3}},"loc":{"start":{"line":2,"column":37},"end":{"line":4,"column":3}},"line":2},"1":{"name":"(anonymous_1)","decl":{"start":{"line":6,"column":2},"end":{"line":6,"column":3}},"loc":{"start":{"line":6,"column":19},"end":{"line":8,"column":3}},"line":6}},"branchMap":{},"s":{"0":4,"1":32,"2":18},"f":{"0":32,"1":18},"b":{},"_coverageSchema":"43e27e138ebf9cfc5966b082cf9a028302ed4184","hash":"6eafcdd3adc891c053c33caf890c8a27f7a9abec"}
,"/Users/keabraekman/Documents/LMU/CMSI 488/101Script/ast/program.js": {"path":"/Users/keabraekman/Documents/LMU/CMSI 488/101Script/ast/program.js","statementMap":{"0":{"start":{"line":1,"column":16},"end":{"line":1,"column":47}},"1":{"start":{"line":3,"column":0},"end":{"line":12,"column":2}},"2":{"start":{"line":5,"column":4},"end":{"line":5,"column":21}},"3":{"start":{"line":9,"column":20},"end":{"line":9,"column":60}},"4":{"start":{"line":10,"column":4},"end":{"line":10,"column":31}}},"fnMap":{"0":{"name":"(anonymous_0)","decl":{"start":{"line":4,"column":2},"end":{"line":4,"column":3}},"loc":{"start":{"line":4,"column":20},"end":{"line":6,"column":3}},"line":4},"1":{"name":"(anonymous_1)","decl":{"start":{"line":8,"column":2},"end":{"line":8,"column":3}},"loc":{"start":{"line":8,"column":12},"end":{"line":11,"column":3}},"line":8}},"branchMap":{},"s":{"0":4,"1":4,"2":40,"3":20,"4":20},"f":{"0":40,"1":20},"b":{},"_coverageSchema":"43e27e138ebf9cfc5966b082cf9a028302ed4184","hash":"90910bdd9816eb86cf7bb821a5f08335a77d1814"}
,"/Users/keabraekman/Documents/LMU/CMSI 488/101Script/ast/return-statement.js": {"path":"/Users/keabraekman/Documents/LMU/CMSI 488/101Script/ast/return-statement.js","statementMap":{"0":{"start":{"line":1,"column":0},"end":{"line":12,"column":2}},"1":{"start":{"line":3,"column":4},"end":{"line":3,"column":35}},"2":{"start":{"line":7,"column":4},"end":{"line":7,"column":66}},"3":{"start":{"line":8,"column":4},"end":{"line":10,"column":5}},"4":{"start":{"line":9,"column":6},"end":{"line":9,"column":40}}},"fnMap":{"0":{"name":"(anonymous_0)","decl":{"start":{"line":2,"column":2},"end":{"line":2,"column":3}},"loc":{"start":{"line":2,"column":27},"end":{"line":4,"column":3}},"line":2},"1":{"name":"(anonymous_1)","decl":{"start":{"line":6,"column":2},"end":{"line":6,"column":3}},"loc":{"start":{"line":6,"column":19},"end":{"line":11,"column":3}},"line":6}},"branchMap":{"0":{"loc":{"start":{"line":8,"column":4},"end":{"line":10,"column":5}},"type":"if","locations":[{"start":{"line":8,"column":4},"end":{"line":10,"column":5}},{"start":{"line":8,"column":4},"end":{"line":10,"column":5}}],"line":8}},"s":{"0":4,"1":8,"2":2,"3":2,"4":2},"f":{"0":8,"1":2},"b":{"0":[2,0]},"_coverageSchema":"43e27e138ebf9cfc5966b082cf9a028302ed4184","hash":"1d8ac5ba46c8c047b1f2d162aecac7a78e17669d"}
,"/Users/keabraekman/Documents/LMU/CMSI 488/101Script/ast/string-literal.js": {"path":"/Users/keabraekman/Documents/LMU/CMSI 488/101Script/ast/string-literal.js","statementMap":{"0":{"start":{"line":1,"column":0},"end":{"line":9,"column":2}},"1":{"start":{"line":3,"column":4},"end":{"line":3,"column":23}}},"fnMap":{"0":{"name":"(anonymous_0)","decl":{"start":{"line":2,"column":2},"end":{"line":2,"column":3}},"loc":{"start":{"line":2,"column":21},"end":{"line":4,"column":3}},"line":2},"1":{"name":"(anonymous_1)","decl":{"start":{"line":6,"column":2},"end":{"line":6,"column":3}},"loc":{"start":{"line":6,"column":12},"end":{"line":8,"column":3}},"line":6}},"branchMap":{},"s":{"0":4,"1":20},"f":{"0":20,"1":5},"b":{},"_coverageSchema":"43e27e138ebf9cfc5966b082cf9a028302ed4184","hash":"dc9cdfce0c0928c0aaaf42c6de5c3aff2fc2de2b"}
,"/Users/keabraekman/Documents/LMU/CMSI 488/101Script/ast/unary-expression.js": {"path":"/Users/keabraekman/Documents/LMU/CMSI 488/101Script/ast/unary-expression.js","statementMap":{"0":{"start":{"line":1,"column":0},"end":{"line":9,"column":2}},"1":{"start":{"line":3,"column":4},"end":{"line":3,"column":41}},"2":{"start":{"line":7,"column":4},"end":{"line":7,"column":34}}},"fnMap":{"0":{"name":"(anonymous_0)","decl":{"start":{"line":2,"column":2},"end":{"line":2,"column":3}},"loc":{"start":{"line":2,"column":27},"end":{"line":4,"column":3}},"line":2},"1":{"name":"(anonymous_1)","decl":{"start":{"line":6,"column":2},"end":{"line":6,"column":3}},"loc":{"start":{"line":6,"column":19},"end":{"line":8,"column":3}},"line":6}},"branchMap":{},"s":{"0":4,"1":6,"2":1},"f":{"0":6,"1":1},"b":{},"_coverageSchema":"43e27e138ebf9cfc5966b082cf9a028302ed4184","hash":"2f273d3f78261284fb207aaacbad5be1cab5a9f3"}
,"/Users/keabraekman/Documents/LMU/CMSI 488/101Script/ast/variable-declaration.js": {"path":"/Users/keabraekman/Documents/LMU/CMSI 488/101Script/ast/variable-declaration.js","statementMap":{"0":{"start":{"line":1,"column":17},"end":{"line":1,"column":38}},"1":{"start":{"line":3,"column":0},"end":{"line":12,"column":2}},"2":{"start":{"line":5,"column":4},"end":{"line":5,"column":51}},"3":{"start":{"line":9,"column":4},"end":{"line":9,"column":38}},"4":{"start":{"line":10,"column":4},"end":{"line":10,"column":22}}},"fnMap":{"0":{"name":"(anonymous_0)","decl":{"start":{"line":4,"column":2},"end":{"line":4,"column":3}},"loc":{"start":{"line":4,"column":37},"end":{"line":6,"column":3}},"line":4},"1":{"name":"(anonymous_1)","decl":{"start":{"line":8,"column":2},"end":{"line":8,"column":3}},"loc":{"start":{"line":8,"column":19},"end":{"line":11,"column":4}},"line":8}},"branchMap":{},"s":{"0":4,"1":4,"2":18,"3":10,"4":8},"f":{"0":18,"1":10},"b":{},"_coverageSchema":"43e27e138ebf9cfc5966b082cf9a028302ed4184","hash":"4c6271b5e07114d51ae9a78ff2c5782d4afc7a19"}
,"/Users/keabraekman/Documents/LMU/CMSI 488/101Script/ast/variable.js": {"path":"/Users/keabraekman/Documents/LMU/CMSI 488/101Script/ast/variable.js","statementMap":{"0":{"start":{"line":1,"column":0},"end":{"line":8,"column":2}},"1":{"start":{"line":3,"column":4},"end":{"line":3,"column":17}}},"fnMap":{"0":{"name":"(anonymous_0)","decl":{"start":{"line":2,"column":2},"end":{"line":2,"column":3}},"loc":{"start":{"line":2,"column":18},"end":{"line":4,"column":3}},"line":2},"1":{"name":"(anonymous_1)","decl":{"start":{"line":6,"column":2},"end":{"line":6,"column":3}},"loc":{"start":{"line":6,"column":25},"end":{"line":7,"column":3}},"line":6}},"branchMap":{},"s":{"0":4,"1":0},"f":{"0":0,"1":0},"b":{},"_coverageSchema":"43e27e138ebf9cfc5966b082cf9a028302ed4184","hash":"6f8611fcfa6dfcccf3e7d00925300e4558a1d5cc"}
,"/Users/keabraekman/Documents/LMU/CMSI 488/101Script/ast/while-statement.js": {"path":"/Users/keabraekman/Documents/LMU/CMSI 488/101Script/ast/while-statement.js","statementMap":{"0":{"start":{"line":1,"column":0},"end":{"line":11,"column":2}},"1":{"start":{"line":3,"column":4},"end":{"line":3,"column":40}},"2":{"start":{"line":7,"column":4},"end":{"line":7,"column":31}},"3":{"start":{"line":8,"column":24},"end":{"line":8,"column":59}},"4":{"start":{"line":9,"column":4},"end":{"line":9,"column":35}}},"fnMap":{"0":{"name":"(anonymous_0)","decl":{"start":{"line":2,"column":2},"end":{"line":2,"column":3}},"loc":{"start":{"line":2,"column":26},"end":{"line":4,"column":3}},"line":2},"1":{"name":"(anonymous_1)","decl":{"start":{"line":6,"column":2},"end":{"line":6,"column":3}},"loc":{"start":{"line":6,"column":19},"end":{"line":10,"column":3}},"line":6}},"branchMap":{},"s":{"0":4,"1":4,"2":2,"3":2,"4":2},"f":{"0":4,"1":2},"b":{},"_coverageSchema":"43e27e138ebf9cfc5966b082cf9a028302ed4184","hash":"db60b38989619ebd66aa9ae89cb3df5623ed86ca"}
,"/Users/keabraekman/Documents/LMU/CMSI 488/101Script/semantics/context.js": {"path":"/Users/keabraekman/Documents/LMU/CMSI 488/101Script/semantics/context.js","statementMap":{"0":{"start":{"line":11,"column":13},"end":{"line":11,"column":28}},"1":{"start":{"line":12,"column":28},"end":{"line":12,"column":66}},"2":{"start":{"line":13,"column":18},"end":{"line":13,"column":46}},"3":{"start":{"line":14,"column":18},"end":{"line":14,"column":45}},"4":{"start":{"line":18,"column":4},"end":{"line":21,"column":9}},"5":{"start":{"line":26,"column":4},"end":{"line":26,"column":73}},"6":{"start":{"line":31,"column":4},"end":{"line":31,"column":94}},"7":{"start":{"line":37,"column":4},"end":{"line":41,"column":7}},"8":{"start":{"line":51,"column":4},"end":{"line":53,"column":5}},"9":{"start":{"line":52,"column":6},"end":{"line":52,"column":80}},"10":{"start":{"line":54,"column":4},"end":{"line":54,"column":42}},"11":{"start":{"line":60,"column":4},"end":{"line":67,"column":5}},"12":{"start":{"line":61,"column":6},"end":{"line":61,"column":35}},"13":{"start":{"line":62,"column":11},"end":{"line":67,"column":5}},"14":{"start":{"line":64,"column":6},"end":{"line":64,"column":77}},"15":{"start":{"line":66,"column":4},"end":{"line":66,"column":34}},"16":{"start":{"line":71,"column":4},"end":{"line":73,"column":5}},"17":{"start":{"line":72,"column":6},"end":{"line":72,"column":31}},"18":{"start":{"line":80,"column":4},"end":{"line":83,"column":5}},"19":{"start":{"line":81,"column":6},"end":{"line":81,"column":40}},"20":{"start":{"line":82,"column":6},"end":{"line":82,"column":65}},"21":{"start":{"line":87,"column":0},"end":{"line":87,"column":32}},"22":{"start":{"line":88,"column":0},"end":{"line":88,"column":92}},"23":{"start":{"line":90,"column":0},"end":{"line":90,"column":25}}},"fnMap":{"0":{"name":"(anonymous_0)","decl":{"start":{"line":17,"column":2},"end":{"line":17,"column":3}},"loc":{"start":{"line":17,"column":78},"end":{"line":22,"column":3}},"line":17},"1":{"name":"(anonymous_1)","decl":{"start":{"line":24,"column":2},"end":{"line":24,"column":3}},"loc":{"start":{"line":24,"column":53},"end":{"line":27,"column":3}},"line":24},"2":{"name":"(anonymous_2)","decl":{"start":{"line":29,"column":2},"end":{"line":29,"column":3}},"loc":{"start":{"line":29,"column":30},"end":{"line":32,"column":3}},"line":29},"3":{"name":"(anonymous_3)","decl":{"start":{"line":34,"column":2},"end":{"line":34,"column":3}},"loc":{"start":{"line":34,"column":31},"end":{"line":42,"column":3}},"line":34},"4":{"name":"(anonymous_4)","decl":{"start":{"line":50,"column":2},"end":{"line":50,"column":3}},"loc":{"start":{"line":50,"column":14},"end":{"line":55,"column":3}},"line":50},"5":{"name":"(anonymous_5)","decl":{"start":{"line":59,"column":2},"end":{"line":59,"column":3}},"loc":{"start":{"line":59,"column":13},"end":{"line":68,"column":3}},"line":59},"6":{"name":"(anonymous_6)","decl":{"start":{"line":70,"column":2},"end":{"line":70,"column":3}},"loc":{"start":{"line":70,"column":28},"end":{"line":74,"column":3}},"line":70},"7":{"name":"(anonymous_7)","decl":{"start":{"line":76,"column":2},"end":{"line":76,"column":3}},"loc":{"start":{"line":76,"column":27},"end":{"line":84,"column":3}},"line":76}},"branchMap":{"0":{"loc":{"start":{"line":17,"column":14},"end":{"line":17,"column":76}},"type":"default-arg","locations":[{"start":{"line":17,"column":74},"end":{"line":17,"column":76}}],"line":17},"1":{"loc":{"start":{"line":17,"column":16},"end":{"line":17,"column":29}},"type":"default-arg","locations":[{"start":{"line":17,"column":25},"end":{"line":17,"column":29}}],"line":17},"2":{"loc":{"start":{"line":17,"column":31},"end":{"line":17,"column":53}},"type":"default-arg","locations":[{"start":{"line":17,"column":49},"end":{"line":17,"column":53}}],"line":17},"3":{"loc":{"start":{"line":17,"column":55},"end":{"line":17,"column":69}},"type":"default-arg","locations":[{"start":{"line":17,"column":64},"end":{"line":17,"column":69}}],"line":17},"4":{"loc":{"start":{"line":51,"column":4},"end":{"line":53,"column":5}},"type":"if","locations":[{"start":{"line":51,"column":4},"end":{"line":53,"column":5}},{"start":{"line":51,"column":4},"end":{"line":53,"column":5}}],"line":51},"5":{"loc":{"start":{"line":51,"column":8},"end":{"line":51,"column":65}},"type":"binary-expr","locations":[{"start":{"line":51,"column":8},"end":{"line":51,"column":38}},{"start":{"line":51,"column":42},"end":{"line":51,"column":65}}],"line":51},"6":{"loc":{"start":{"line":60,"column":4},"end":{"line":67,"column":5}},"type":"if","locations":[{"start":{"line":60,"column":4},"end":{"line":67,"column":5}},{"start":{"line":60,"column":4},"end":{"line":67,"column":5}}],"line":60},"7":{"loc":{"start":{"line":62,"column":11},"end":{"line":67,"column":5}},"type":"if","locations":[{"start":{"line":62,"column":11},"end":{"line":67,"column":5}},{"start":{"line":62,"column":11},"end":{"line":67,"column":5}}],"line":62},"8":{"loc":{"start":{"line":71,"column":4},"end":{"line":73,"column":5}},"type":"if","locations":[{"start":{"line":71,"column":4},"end":{"line":73,"column":5}},{"start":{"line":71,"column":4},"end":{"line":73,"column":5}}],"line":71},"9":{"loc":{"start":{"line":80,"column":4},"end":{"line":83,"column":5}},"type":"if","locations":[{"start":{"line":80,"column":4},"end":{"line":83,"column":5}},{"start":{"line":80,"column":4},"end":{"line":83,"column":5}}],"line":80}},"s":{"0":4,"1":4,"2":4,"3":4,"4":37,"5":8,"6":5,"7":0,"8":34,"9":1,"10":33,"11":20,"12":9,"13":11,"14":3,"15":8,"16":2,"17":0,"18":2,"19":2,"20":2,"21":4,"22":4,"23":4},"f":{"0":37,"1":8,"2":5,"3":0,"4":34,"5":20,"6":2,"7":2},"b":{"0":[4],"1":[4],"2":[24],"3":[24],"4":[1,33],"5":[34,5],"6":[9,11],"7":[3,8],"8":[0,2],"9":[2,0]},"_coverageSchema":"43e27e138ebf9cfc5966b082cf9a028302ed4184","hash":"01126960703705fec4685c47d5c9ceedc6e1344f"}
,"/Users/keabraekman/Documents/LMU/CMSI 488/101Script/syntax/parser.js": {"path":"/Users/keabraekman/Documents/LMU/CMSI 488/101Script/syntax/parser.js","statementMap":{"0":{"start":{"line":1,"column":12},"end":{"line":1,"column":29}},"1":{"start":{"line":2,"column":11},"end":{"line":2,"column":24}},"2":{"start":{"line":3,"column":13},"end":{"line":3,"column":28}},"3":{"start":{"line":5,"column":16},"end":{"line":5,"column":41}},"4":{"start":{"line":6,"column":14},"end":{"line":6,"column":37}},"5":{"start":{"line":7,"column":28},"end":{"line":7,"column":66}},"6":{"start":{"line":8,"column":25},"end":{"line":8,"column":60}},"7":{"start":{"line":9,"column":28},"end":{"line":9,"column":66}},"8":{"start":{"line":10,"column":23},"end":{"line":10,"column":56}},"9":{"start":{"line":11,"column":24},"end":{"line":11,"column":58}},"10":{"start":{"line":12,"column":24},"end":{"line":12,"column":58}},"11":{"start":{"line":13,"column":20},"end":{"line":13,"column":50}},"12":{"start":{"line":14,"column":23},"end":{"line":14,"column":56}},"13":{"start":{"line":15,"column":22},"end":{"line":15,"column":54}},"14":{"start":{"line":16,"column":28},"end":{"line":16,"column":66}},"15":{"start":{"line":17,"column":18},"end":{"line":17,"column":46}},"16":{"start":{"line":18,"column":23},"end":{"line":18,"column":56}},"17":{"start":{"line":19,"column":25},"end":{"line":19,"column":60}},"18":{"start":{"line":20,"column":24},"end":{"line":20,"column":58}},"19":{"start":{"line":21,"column":29},"end":{"line":21,"column":68}},"20":{"start":{"line":22,"column":13},"end":{"line":22,"column":46}},"21":{"start":{"line":23,"column":18},"end":{"line":23,"column":45}},"22":{"start":{"line":24,"column":14},"end":{"line":24,"column":37}},"23":{"start":{"line":25,"column":15},"end":{"line":25,"column":39}},"24":{"start":{"line":26,"column":17},"end":{"line":26,"column":43}},"25":{"start":{"line":27,"column":23},"end":{"line":27,"column":56}},"26":{"start":{"line":28,"column":23},"end":{"line":28,"column":56}},"27":{"start":{"line":29,"column":22},"end":{"line":29,"column":54}},"28":{"start":{"line":31,"column":16},"end":{"line":31,"column":70}},"29":{"start":{"line":35,"column":2},"end":{"line":35,"column":38}},"30":{"start":{"line":39,"column":2},"end":{"line":39,"column":38}},"31":{"start":{"line":43,"column":21},"end":{"line":185,"column":2}},"32":{"start":{"line":45,"column":14},"end":{"line":45,"column":37}},"33":{"start":{"line":47,"column":4},"end":{"line":47,"column":13}},"34":{"start":{"line":51,"column":4},"end":{"line":51,"column":34}},"35":{"start":{"line":55,"column":4},"end":{"line":55,"column":27}},"36":{"start":{"line":59,"column":4},"end":{"line":59,"column":54}},"37":{"start":{"line":63,"column":4},"end":{"line":63,"column":74}},"38":{"start":{"line":67,"column":4},"end":{"line":67,"column":71}},"39":{"start":{"line":71,"column":4},"end":{"line":71,"column":66}},"40":{"start":{"line":75,"column":4},"end":{"line":75,"column":53}},"41":{"start":{"line":79,"column":4},"end":{"line":79,"column":38}},"42":{"start":{"line":83,"column":4},"end":{"line":83,"column":32}},"43":{"start":{"line":87,"column":4},"end":{"line":87,"column":48}},"44":{"start":{"line":91,"column":4},"end":{"line":91,"column":67}},"45":{"start":{"line":95,"column":4},"end":{"line":95,"column":55}},"46":{"start":{"line":99,"column":4},"end":{"line":99,"column":67}},"47":{"start":{"line":103,"column":4},"end":{"line":103,"column":67}},"48":{"start":{"line":107,"column":4},"end":{"line":107,"column":67}},"49":{"start":{"line":111,"column":4},"end":{"line":111,"column":56}},"50":{"start":{"line":115,"column":4},"end":{"line":115,"column":49}},"51":{"start":{"line":119,"column":4},"end":{"line":119,"column":28}},"52":{"start":{"line":123,"column":4},"end":{"line":123,"column":46}},"53":{"start":{"line":127,"column":4},"end":{"line":127,"column":95}},"54":{"start":{"line":131,"column":4},"end":{"line":131,"column":49}},"55":{"start":{"line":135,"column":4},"end":{"line":135,"column":49}},"56":{"start":{"line":139,"column":4},"end":{"line":139,"column":46}},"57":{"start":{"line":143,"column":4},"end":{"line":143,"column":54}},"58":{"start":{"line":147,"column":4},"end":{"line":147,"column":42}},"59":{"start":{"line":151,"column":4},"end":{"line":151,"column":58}},"60":{"start":{"line":155,"column":4},"end":{"line":155,"column":53}},"61":{"start":{"line":159,"column":4},"end":{"line":159,"column":40}},"62":{"start":{"line":163,"column":4},"end":{"line":163,"column":14}},"63":{"start":{"line":167,"column":4},"end":{"line":167,"column":51}},"64":{"start":{"line":171,"column":4},"end":{"line":171,"column":50}},"65":{"start":{"line":175,"column":4},"end":{"line":175,"column":48}},"66":{"start":{"line":179,"column":4},"end":{"line":179,"column":29}},"67":{"start":{"line":183,"column":4},"end":{"line":183,"column":29}},"68":{"start":{"line":188,"column":0},"end":{"line":194,"column":2}},"69":{"start":{"line":189,"column":16},"end":{"line":189,"column":35}},"70":{"start":{"line":190,"column":2},"end":{"line":192,"column":3}},"71":{"start":{"line":191,"column":4},"end":{"line":191,"column":54}},"72":{"start":{"line":193,"column":2},"end":{"line":193,"column":35}}},"fnMap":{"0":{"name":"unpack","decl":{"start":{"line":34,"column":9},"end":{"line":34,"column":15}},"loc":{"start":{"line":34,"column":19},"end":{"line":36,"column":1}},"line":34},"1":{"name":"arrayToNullable","decl":{"start":{"line":38,"column":9},"end":{"line":38,"column":24}},"loc":{"start":{"line":38,"column":28},"end":{"line":40,"column":1}},"line":38},"2":{"name":"(anonymous_2)","decl":{"start":{"line":44,"column":2},"end":{"line":44,"column":3}},"loc":{"start":{"line":44,"column":24},"end":{"line":48,"column":3}},"line":44},"3":{"name":"(anonymous_3)","decl":{"start":{"line":50,"column":2},"end":{"line":50,"column":3}},"loc":{"start":{"line":50,"column":15},"end":{"line":52,"column":3}},"line":50},"4":{"name":"(anonymous_4)","decl":{"start":{"line":54,"column":2},"end":{"line":54,"column":3}},"loc":{"start":{"line":54,"column":28},"end":{"line":56,"column":3}},"line":54},"5":{"name":"(anonymous_5)","decl":{"start":{"line":58,"column":2},"end":{"line":58,"column":3}},"loc":{"start":{"line":58,"column":45},"end":{"line":60,"column":3}},"line":58},"6":{"name":"(anonymous_6)","decl":{"start":{"line":62,"column":2},"end":{"line":62,"column":3}},"loc":{"start":{"line":62,"column":80},"end":{"line":64,"column":3}},"line":62},"7":{"name":"(anonymous_7)","decl":{"start":{"line":66,"column":2},"end":{"line":66,"column":3}},"loc":{"start":{"line":66,"column":54},"end":{"line":68,"column":3}},"line":66},"8":{"name":"(anonymous_8)","decl":{"start":{"line":70,"column":2},"end":{"line":70,"column":3}},"loc":{"start":{"line":70,"column":38},"end":{"line":72,"column":3}},"line":70},"9":{"name":"(anonymous_9)","decl":{"start":{"line":74,"column":2},"end":{"line":74,"column":3}},"loc":{"start":{"line":74,"column":29},"end":{"line":76,"column":3}},"line":74},"10":{"name":"(anonymous_10)","decl":{"start":{"line":78,"column":2},"end":{"line":78,"column":3}},"loc":{"start":{"line":78,"column":21},"end":{"line":80,"column":3}},"line":78},"11":{"name":"(anonymous_11)","decl":{"start":{"line":82,"column":2},"end":{"line":82,"column":3}},"loc":{"start":{"line":82,"column":22},"end":{"line":84,"column":3}},"line":82},"12":{"name":"(anonymous_12)","decl":{"start":{"line":86,"column":2},"end":{"line":86,"column":3}},"loc":{"start":{"line":86,"column":26},"end":{"line":88,"column":3}},"line":86},"13":{"name":"(anonymous_13)","decl":{"start":{"line":90,"column":2},"end":{"line":90,"column":3}},"loc":{"start":{"line":90,"column":26},"end":{"line":92,"column":3}},"line":90},"14":{"name":"(anonymous_14)","decl":{"start":{"line":94,"column":2},"end":{"line":94,"column":3}},"loc":{"start":{"line":94,"column":27},"end":{"line":96,"column":3}},"line":94},"15":{"name":"(anonymous_15)","decl":{"start":{"line":98,"column":2},"end":{"line":98,"column":3}},"loc":{"start":{"line":98,"column":31},"end":{"line":100,"column":3}},"line":98},"16":{"name":"(anonymous_16)","decl":{"start":{"line":102,"column":2},"end":{"line":102,"column":3}},"loc":{"start":{"line":102,"column":31},"end":{"line":104,"column":3}},"line":102},"17":{"name":"(anonymous_17)","decl":{"start":{"line":106,"column":2},"end":{"line":106,"column":3}},"loc":{"start":{"line":106,"column":31},"end":{"line":108,"column":3}},"line":106},"18":{"name":"(anonymous_18)","decl":{"start":{"line":110,"column":2},"end":{"line":110,"column":3}},"loc":{"start":{"line":110,"column":26},"end":{"line":112,"column":3}},"line":110},"19":{"name":"(anonymous_19)","decl":{"start":{"line":114,"column":2},"end":{"line":114,"column":3}},"loc":{"start":{"line":114,"column":33},"end":{"line":116,"column":3}},"line":114},"20":{"name":"(anonymous_20)","decl":{"start":{"line":118,"column":2},"end":{"line":118,"column":3}},"loc":{"start":{"line":118,"column":34},"end":{"line":120,"column":3}},"line":118},"21":{"name":"(anonymous_21)","decl":{"start":{"line":122,"column":2},"end":{"line":122,"column":3}},"loc":{"start":{"line":122,"column":29},"end":{"line":124,"column":3}},"line":122},"22":{"name":"(anonymous_22)","decl":{"start":{"line":126,"column":2},"end":{"line":126,"column":3}},"loc":{"start":{"line":126,"column":55},"end":{"line":128,"column":3}},"line":126},"23":{"name":"(anonymous_23)","decl":{"start":{"line":130,"column":2},"end":{"line":130,"column":3}},"loc":{"start":{"line":130,"column":43},"end":{"line":132,"column":3}},"line":130},"24":{"name":"(anonymous_24)","decl":{"start":{"line":134,"column":2},"end":{"line":134,"column":3}},"loc":{"start":{"line":134,"column":26},"end":{"line":136,"column":3}},"line":134},"25":{"name":"(anonymous_25)","decl":{"start":{"line":138,"column":2},"end":{"line":138,"column":3}},"loc":{"start":{"line":138,"column":20},"end":{"line":140,"column":3}},"line":138},"26":{"name":"(anonymous_26)","decl":{"start":{"line":142,"column":2},"end":{"line":142,"column":3}},"loc":{"start":{"line":142,"column":20},"end":{"line":144,"column":3}},"line":142},"27":{"name":"(anonymous_27)","decl":{"start":{"line":146,"column":2},"end":{"line":146,"column":3}},"loc":{"start":{"line":146,"column":20},"end":{"line":148,"column":3}},"line":146},"28":{"name":"(anonymous_28)","decl":{"start":{"line":150,"column":2},"end":{"line":150,"column":3}},"loc":{"start":{"line":150,"column":43},"end":{"line":152,"column":3}},"line":150},"29":{"name":"(anonymous_29)","decl":{"start":{"line":154,"column":2},"end":{"line":154,"column":3}},"loc":{"start":{"line":154,"column":18},"end":{"line":156,"column":3}},"line":154},"30":{"name":"(anonymous_30)","decl":{"start":{"line":158,"column":2},"end":{"line":158,"column":3}},"loc":{"start":{"line":158,"column":33},"end":{"line":160,"column":3}},"line":158},"31":{"name":"(anonymous_31)","decl":{"start":{"line":162,"column":2},"end":{"line":162,"column":3}},"loc":{"start":{"line":162,"column":16},"end":{"line":164,"column":3}},"line":162},"32":{"name":"(anonymous_32)","decl":{"start":{"line":166,"column":2},"end":{"line":166,"column":3}},"loc":{"start":{"line":166,"column":13},"end":{"line":168,"column":3}},"line":166},"33":{"name":"(anonymous_33)","decl":{"start":{"line":170,"column":2},"end":{"line":170,"column":3}},"loc":{"start":{"line":170,"column":33},"end":{"line":172,"column":3}},"line":170},"34":{"name":"(anonymous_34)","decl":{"start":{"line":174,"column":2},"end":{"line":174,"column":3}},"loc":{"start":{"line":174,"column":24},"end":{"line":176,"column":3}},"line":174},"35":{"name":"(anonymous_35)","decl":{"start":{"line":178,"column":2},"end":{"line":178,"column":3}},"loc":{"start":{"line":178,"column":13},"end":{"line":180,"column":3}},"line":178},"36":{"name":"(anonymous_36)","decl":{"start":{"line":182,"column":2},"end":{"line":182,"column":3}},"loc":{"start":{"line":182,"column":14},"end":{"line":184,"column":3}},"line":182},"37":{"name":"(anonymous_37)","decl":{"start":{"line":188,"column":17},"end":{"line":188,"column":18}},"loc":{"start":{"line":188,"column":27},"end":{"line":194,"column":1}},"line":188}},"branchMap":{"0":{"loc":{"start":{"line":35,"column":9},"end":{"line":35,"column":37}},"type":"cond-expr","locations":[{"start":{"line":35,"column":26},"end":{"line":35,"column":30}},{"start":{"line":35,"column":33},"end":{"line":35,"column":37}}],"line":35},"1":{"loc":{"start":{"line":39,"column":9},"end":{"line":39,"column":37}},"type":"cond-expr","locations":[{"start":{"line":39,"column":26},"end":{"line":39,"column":30}},{"start":{"line":39,"column":33},"end":{"line":39,"column":37}}],"line":39},"2":{"loc":{"start":{"line":190,"column":2},"end":{"line":192,"column":3}},"type":"if","locations":[{"start":{"line":190,"column":2},"end":{"line":192,"column":3}},{"start":{"line":190,"column":2},"end":{"line":192,"column":3}}],"line":190}},"s":{"0":4,"1":4,"2":4,"3":4,"4":4,"5":4,"6":4,"7":4,"8":4,"9":4,"10":4,"11":4,"12":4,"13":4,"14":4,"15":4,"16":4,"17":4,"18":4,"19":4,"20":4,"21":4,"22":4,"23":4,"24":4,"25":4,"26":4,"27":4,"28":4,"29":22,"30":2,"31":4,"32":40,"33":40,"34":62,"35":32,"36":4,"37":6,"38":8,"39":18,"40":19,"41":4,"42":1,"43":8,"44":1,"45":0,"46":10,"47":14,"48":12,"49":6,"50":2,"51":3,"52":6,"53":2,"54":5,"55":1,"56":58,"57":9,"58":13,"59":0,"60":5,"61":12,"62":4,"63":2,"64":59,"65":20,"66":112,"67":121,"68":4,"69":41,"70":41,"71":1,"72":40},"f":{"0":22,"1":2,"2":40,"3":62,"4":32,"5":4,"6":6,"7":8,"8":18,"9":19,"10":4,"11":1,"12":8,"13":1,"14":0,"15":10,"16":14,"17":12,"18":6,"19":2,"20":3,"21":6,"22":2,"23":5,"24":1,"25":58,"26":9,"27":13,"28":0,"29":5,"30":12,"31":4,"32":2,"33":59,"34":20,"35":112,"36":121,"37":41},"b":{"0":[14,8],"1":[2,0],"2":[1,40]},"_coverageSchema":"43e27e138ebf9cfc5966b082cf9a028302ed4184","hash":"a2b23270c696162207ef156c09980a0db924c8d7"}
}
