{"/Users/keabraekman/Documents/LMU/CMSI 488/101Script/ast/argument.js": {"path":"/Users/keabraekman/Documents/LMU/CMSI 488/101Script/ast/argument.js","statementMap":{"0":{"start":{"line":1,"column":0},"end":{"line":9,"column":2}},"1":{"start":{"line":3,"column":4},"end":{"line":3,"column":44}},"2":{"start":{"line":7,"column":4},"end":{"line":7,"column":37}}},"fnMap":{"0":{"name":"(anonymous_0)","decl":{"start":{"line":2,"column":2},"end":{"line":2,"column":3}},"loc":{"start":{"line":2,"column":30},"end":{"line":4,"column":3}},"line":2},"1":{"name":"(anonymous_1)","decl":{"start":{"line":6,"column":2},"end":{"line":6,"column":3}},"loc":{"start":{"line":6,"column":19},"end":{"line":8,"column":3}},"line":6}},"branchMap":{},"s":{"0":3,"1":8,"2":0},"f":{"0":8,"1":0},"b":{},"_coverageSchema":"43e27e138ebf9cfc5966b082cf9a028302ed4184","hash":"311d803c6b1ec65aa64da4953e1755c4374f9f74"}
,"/Users/keabraekman/Documents/LMU/CMSI 488/101Script/ast/assignment-statement.js": {"path":"/Users/keabraekman/Documents/LMU/CMSI 488/101Script/ast/assignment-statement.js","statementMap":{"0":{"start":{"line":1,"column":0},"end":{"line":10,"column":2}},"1":{"start":{"line":3,"column":4},"end":{"line":3,"column":44}},"2":{"start":{"line":7,"column":4},"end":{"line":7,"column":33}},"3":{"start":{"line":8,"column":4},"end":{"line":8,"column":33}}},"fnMap":{"0":{"name":"(anonymous_0)","decl":{"start":{"line":2,"column":2},"end":{"line":2,"column":3}},"loc":{"start":{"line":2,"column":30},"end":{"line":4,"column":3}},"line":2},"1":{"name":"(anonymous_1)","decl":{"start":{"line":6,"column":2},"end":{"line":6,"column":3}},"loc":{"start":{"line":6,"column":19},"end":{"line":9,"column":3}},"line":6}},"branchMap":{},"s":{"0":3,"1":19,"2":2,"3":2},"f":{"0":19,"1":2},"b":{},"_coverageSchema":"43e27e138ebf9cfc5966b082cf9a028302ed4184","hash":"fb99614c8e269dd5f4c11f30cdb46d44656ce3b6"}
,"/Users/keabraekman/Documents/LMU/CMSI 488/101Script/ast/binary-expression.js": {"path":"/Users/keabraekman/Documents/LMU/CMSI 488/101Script/ast/binary-expression.js","statementMap":{"0":{"start":{"line":1,"column":0},"end":{"line":10,"column":2}},"1":{"start":{"line":3,"column":4},"end":{"line":3,"column":45}},"2":{"start":{"line":7,"column":4},"end":{"line":7,"column":31}},"3":{"start":{"line":8,"column":4},"end":{"line":8,"column":32}}},"fnMap":{"0":{"name":"(anonymous_0)","decl":{"start":{"line":2,"column":2},"end":{"line":2,"column":3}},"loc":{"start":{"line":2,"column":31},"end":{"line":4,"column":3}},"line":2},"1":{"name":"(anonymous_1)","decl":{"start":{"line":6,"column":2},"end":{"line":6,"column":3}},"loc":{"start":{"line":6,"column":19},"end":{"line":9,"column":3}},"line":6}},"branchMap":{},"s":{"0":3,"1":37,"2":15,"3":14},"f":{"0":37,"1":15},"b":{},"_coverageSchema":"43e27e138ebf9cfc5966b082cf9a028302ed4184","hash":"dde5e681e9c1447bf634faa9fae63f6e529e089d"}
,"/Users/keabraekman/Documents/LMU/CMSI 488/101Script/ast/block.js": {"path":"/Users/keabraekman/Documents/LMU/CMSI 488/101Script/ast/block.js","statementMap":{"0":{"start":{"line":3,"column":0},"end":{"line":11,"column":2}},"1":{"start":{"line":5,"column":4},"end":{"line":5,"column":64}},"2":{"start":{"line":5,"column":45},"end":{"line":5,"column":62}},"3":{"start":{"line":9,"column":4},"end":{"line":9,"column":53}},"4":{"start":{"line":9,"column":33},"end":{"line":9,"column":51}}},"fnMap":{"0":{"name":"(anonymous_0)","decl":{"start":{"line":4,"column":2},"end":{"line":4,"column":3}},"loc":{"start":{"line":4,"column":26},"end":{"line":6,"column":3}},"line":4},"1":{"name":"(anonymous_1)","decl":{"start":{"line":5,"column":40},"end":{"line":5,"column":41}},"loc":{"start":{"line":5,"column":45},"end":{"line":5,"column":62}},"line":5},"2":{"name":"(anonymous_2)","decl":{"start":{"line":8,"column":2},"end":{"line":8,"column":3}},"loc":{"start":{"line":8,"column":19},"end":{"line":10,"column":3}},"line":8},"3":{"name":"(anonymous_3)","decl":{"start":{"line":9,"column":28},"end":{"line":9,"column":29}},"loc":{"start":{"line":9,"column":33},"end":{"line":9,"column":51}},"line":9}},"branchMap":{},"s":{"0":3,"1":60,"2":113,"3":19,"4":25},"f":{"0":60,"1":113,"2":19,"3":25},"b":{},"_coverageSchema":"43e27e138ebf9cfc5966b082cf9a028302ed4184","hash":"94bbfd57ab86332f7a8d0d1457c9e50c4d3715e4"}
,"/Users/keabraekman/Documents/LMU/CMSI 488/101Script/ast/boolean-literal.js": {"path":"/Users/keabraekman/Documents/LMU/CMSI 488/101Script/ast/boolean-literal.js","statementMap":{"0":{"start":{"line":1,"column":0},"end":{"line":9,"column":2}},"1":{"start":{"line":3,"column":4},"end":{"line":3,"column":23}}},"fnMap":{"0":{"name":"(anonymous_0)","decl":{"start":{"line":2,"column":2},"end":{"line":2,"column":3}},"loc":{"start":{"line":2,"column":21},"end":{"line":4,"column":3}},"line":2},"1":{"name":"(anonymous_1)","decl":{"start":{"line":6,"column":2},"end":{"line":6,"column":3}},"loc":{"start":{"line":6,"column":12},"end":{"line":8,"column":3}},"line":6}},"branchMap":{},"s":{"0":3,"1":2},"f":{"0":2,"1":0},"b":{},"_coverageSchema":"43e27e138ebf9cfc5966b082cf9a028302ed4184","hash":"65052cf5ccf094bd3d3e3c581122576f91825547"}
,"/Users/keabraekman/Documents/LMU/CMSI 488/101Script/ast/break-statement.js": {"path":"/Users/keabraekman/Documents/LMU/CMSI 488/101Script/ast/break-statement.js","statementMap":{"0":{"start":{"line":2,"column":0},"end":{"line":8,"column":2}},"1":{"start":{"line":4,"column":4},"end":{"line":6,"column":5}},"2":{"start":{"line":5,"column":6},"end":{"line":5,"column":54}}},"fnMap":{"0":{"name":"(anonymous_0)","decl":{"start":{"line":3,"column":2},"end":{"line":3,"column":3}},"loc":{"start":{"line":3,"column":19},"end":{"line":7,"column":3}},"line":3}},"branchMap":{"0":{"loc":{"start":{"line":4,"column":4},"end":{"line":6,"column":5}},"type":"if","locations":[{"start":{"line":4,"column":4},"end":{"line":6,"column":5}},{"start":{"line":4,"column":4},"end":{"line":6,"column":5}}],"line":4}},"s":{"0":3,"1":1,"2":1},"f":{"0":1},"b":{"0":[1,0]},"_coverageSchema":"43e27e138ebf9cfc5966b082cf9a028302ed4184","hash":"35e393a8732a5548fe102dc6c787c82159f4b0ce"}
,"/Users/keabraekman/Documents/LMU/CMSI 488/101Script/ast/call-expression.js": {"path":"/Users/keabraekman/Documents/LMU/CMSI 488/101Script/ast/call-expression.js","statementMap":{"0":{"start":{"line":1,"column":0},"end":{"line":12,"column":2}},"1":{"start":{"line":3,"column":4},"end":{"line":3,"column":42}},"2":{"start":{"line":7,"column":4},"end":{"line":7,"column":32}},"3":{"start":{"line":8,"column":4},"end":{"line":8,"column":42}},"4":{"start":{"line":9,"column":4},"end":{"line":9,"column":44}},"5":{"start":{"line":10,"column":4},"end":{"line":10,"column":51}},"6":{"start":{"line":10,"column":29},"end":{"line":10,"column":49}}},"fnMap":{"0":{"name":"(anonymous_0)","decl":{"start":{"line":2,"column":2},"end":{"line":2,"column":3}},"loc":{"start":{"line":2,"column":28},"end":{"line":4,"column":3}},"line":2},"1":{"name":"(anonymous_1)","decl":{"start":{"line":6,"column":2},"end":{"line":6,"column":3}},"loc":{"start":{"line":6,"column":19},"end":{"line":11,"column":3}},"line":6},"2":{"name":"(anonymous_2)","decl":{"start":{"line":10,"column":22},"end":{"line":10,"column":23}},"loc":{"start":{"line":10,"column":29},"end":{"line":10,"column":49}},"line":10}},"branchMap":{},"s":{"0":3,"1":8,"2":2,"3":2,"4":0,"5":0,"6":0},"f":{"0":8,"1":2,"2":0},"b":{},"_coverageSchema":"43e27e138ebf9cfc5966b082cf9a028302ed4184","hash":"98c57366d60b119b8514a8bb7cc6bea555f44c8d"}
,"/Users/keabraekman/Documents/LMU/CMSI 488/101Script/ast/call-statement.js": {"path":"/Users/keabraekman/Documents/LMU/CMSI 488/101Script/ast/call-statement.js","statementMap":{"0":{"start":{"line":1,"column":0},"end":{"line":9,"column":2}},"1":{"start":{"line":3,"column":4},"end":{"line":3,"column":18}},"2":{"start":{"line":7,"column":4},"end":{"line":7,"column":31}}},"fnMap":{"0":{"name":"(anonymous_0)","decl":{"start":{"line":2,"column":2},"end":{"line":2,"column":3}},"loc":{"start":{"line":2,"column":17},"end":{"line":4,"column":3}},"line":2},"1":{"name":"(anonymous_1)","decl":{"start":{"line":6,"column":2},"end":{"line":6,"column":3}},"loc":{"start":{"line":6,"column":19},"end":{"line":8,"column":3}},"line":6}},"branchMap":{},"s":{"0":3,"1":7,"2":2},"f":{"0":7,"1":2},"b":{},"_coverageSchema":"43e27e138ebf9cfc5966b082cf9a028302ed4184","hash":"da6817b4d731f4dcc374e4fcd426f57232389e72"}
,"/Users/keabraekman/Documents/LMU/CMSI 488/101Script/ast/class-declaration.js": {"path":"/Users/keabraekman/Documents/LMU/CMSI 488/101Script/ast/class-declaration.js","statementMap":{"0":{"start":{"line":1,"column":18},"end":{"line":1,"column":41}},"1":{"start":{"line":3,"column":0},"end":{"line":9,"column":2}},"2":{"start":{"line":5,"column":4},"end":{"line":5,"column":17}},"3":{"start":{"line":6,"column":4},"end":{"line":6,"column":52}},"4":{"start":{"line":7,"column":4},"end":{"line":7,"column":52}},"5":{"start":{"line":7,"column":33},"end":{"line":7,"column":50}}},"fnMap":{"0":{"name":"(anonymous_0)","decl":{"start":{"line":4,"column":2},"end":{"line":4,"column":3}},"loc":{"start":{"line":4,"column":32},"end":{"line":8,"column":3}},"line":4},"1":{"name":"(anonymous_1)","decl":{"start":{"line":7,"column":28},"end":{"line":7,"column":29}},"loc":{"start":{"line":7,"column":33},"end":{"line":7,"column":50}},"line":7}},"branchMap":{},"s":{"0":3,"1":3,"2":2,"3":2,"4":2,"5":8},"f":{"0":2,"1":8},"b":{},"_coverageSchema":"43e27e138ebf9cfc5966b082cf9a028302ed4184","hash":"9b39d4b2ed39ca383d8fde2417e6a08de948cda6"}
,"/Users/keabraekman/Documents/LMU/CMSI 488/101Script/ast/field-expression.js": {"path":"/Users/keabraekman/Documents/LMU/CMSI 488/101Script/ast/field-expression.js","statementMap":{"0":{"start":{"line":1,"column":0},"end":{"line":9,"column":2}},"1":{"start":{"line":3,"column":4},"end":{"line":3,"column":42}}},"fnMap":{"0":{"name":"(anonymous_0)","decl":{"start":{"line":2,"column":2},"end":{"line":2,"column":3}},"loc":{"start":{"line":2,"column":28},"end":{"line":4,"column":3}},"line":2},"1":{"name":"(anonymous_1)","decl":{"start":{"line":6,"column":2},"end":{"line":6,"column":3}},"loc":{"start":{"line":6,"column":19},"end":{"line":8,"column":3}},"line":6}},"branchMap":{},"s":{"0":3,"1":1},"f":{"0":1,"1":2},"b":{},"_coverageSchema":"43e27e138ebf9cfc5966b082cf9a028302ed4184","hash":"c2c5ad51ced1db8f8da23ade80972b7694fe4b8e"}
,"/Users/keabraekman/Documents/LMU/CMSI 488/101Script/ast/field.js": {"path":"/Users/keabraekman/Documents/LMU/CMSI 488/101Script/ast/field.js","statementMap":{"0":{"start":{"line":1,"column":0},"end":{"line":9,"column":2}},"1":{"start":{"line":3,"column":4},"end":{"line":3,"column":44}},"2":{"start":{"line":7,"column":4},"end":{"line":7,"column":37}}},"fnMap":{"0":{"name":"(anonymous_0)","decl":{"start":{"line":2,"column":2},"end":{"line":2,"column":3}},"loc":{"start":{"line":2,"column":30},"end":{"line":4,"column":3}},"line":2},"1":{"name":"(anonymous_1)","decl":{"start":{"line":6,"column":2},"end":{"line":6,"column":3}},"loc":{"start":{"line":6,"column":19},"end":{"line":8,"column":3}},"line":6}},"branchMap":{},"s":{"0":3,"1":9,"2":0},"f":{"0":9,"1":0},"b":{},"_coverageSchema":"43e27e138ebf9cfc5966b082cf9a028302ed4184","hash":"24634ba77d00be2254ed7c24a5f3bcfd356e822f"}
,"/Users/keabraekman/Documents/LMU/CMSI 488/101Script/ast/function-declaration.js": {"path":"/Users/keabraekman/Documents/LMU/CMSI 488/101Script/ast/function-declaration.js","statementMap":{"0":{"start":{"line":1,"column":18},"end":{"line":1,"column":41}},"1":{"start":{"line":3,"column":0},"end":{"line":18,"column":2}},"2":{"start":{"line":5,"column":4},"end":{"line":5,"column":17}},"3":{"start":{"line":6,"column":4},"end":{"line":6,"column":52}},"4":{"start":{"line":11,"column":4},"end":{"line":11,"column":25}},"5":{"start":{"line":12,"column":4},"end":{"line":12,"column":56}},"6":{"start":{"line":15,"column":4},"end":{"line":15,"column":31}},"7":{"start":{"line":16,"column":4},"end":{"line":16,"column":75}}},"fnMap":{"0":{"name":"(anonymous_0)","decl":{"start":{"line":4,"column":2},"end":{"line":4,"column":3}},"loc":{"start":{"line":4,"column":32},"end":{"line":7,"column":3}},"line":4},"1":{"name":"(anonymous_1)","decl":{"start":{"line":10,"column":2},"end":{"line":10,"column":3}},"loc":{"start":{"line":10,"column":19},"end":{"line":17,"column":3}},"line":10}},"branchMap":{},"s":{"0":3,"1":3,"2":10,"3":10,"4":6,"5":6,"6":6,"7":6},"f":{"0":10,"1":6},"b":{},"_coverageSchema":"43e27e138ebf9cfc5966b082cf9a028302ed4184","hash":"e06dd25bc55f9442b794bde01247c54134cf6c55"}
,"/Users/keabraekman/Documents/LMU/CMSI 488/101Script/ast/identifier-expression.js": {"path":"/Users/keabraekman/Documents/LMU/CMSI 488/101Script/ast/identifier-expression.js","statementMap":{"0":{"start":{"line":1,"column":0},"end":{"line":9,"column":2}},"1":{"start":{"line":3,"column":4},"end":{"line":3,"column":29}},"2":{"start":{"line":7,"column":4},"end":{"line":7,"column":50}}},"fnMap":{"0":{"name":"(anonymous_0)","decl":{"start":{"line":2,"column":2},"end":{"line":2,"column":3}},"loc":{"start":{"line":2,"column":24},"end":{"line":4,"column":3}},"line":2},"1":{"name":"(anonymous_1)","decl":{"start":{"line":6,"column":2},"end":{"line":6,"column":3}},"loc":{"start":{"line":6,"column":19},"end":{"line":8,"column":3}},"line":6}},"branchMap":{},"s":{"0":3,"1":61,"2":11},"f":{"0":61,"1":11},"b":{},"_coverageSchema":"43e27e138ebf9cfc5966b082cf9a028302ed4184","hash":"01ba3358a86474d869acdd5ada5ae8f0c2d41efe"}
,"/Users/keabraekman/Documents/LMU/CMSI 488/101Script/ast/if-statement.js": {"path":"/Users/keabraekman/Documents/LMU/CMSI 488/101Script/ast/if-statement.js","statementMap":{"0":{"start":{"line":1,"column":0},"end":{"line":19,"column":2}},"1":{"start":{"line":3,"column":4},"end":{"line":3,"column":45}},"2":{"start":{"line":12,"column":4},"end":{"line":12,"column":31}},"3":{"start":{"line":13,"column":24},"end":{"line":13,"column":59}},"4":{"start":{"line":14,"column":4},"end":{"line":14,"column":35}}},"fnMap":{"0":{"name":"(anonymous_0)","decl":{"start":{"line":2,"column":2},"end":{"line":2,"column":3}},"loc":{"start":{"line":2,"column":31},"end":{"line":4,"column":3}},"line":2},"1":{"name":"(anonymous_1)","decl":{"start":{"line":7,"column":2},"end":{"line":7,"column":3}},"loc":{"start":{"line":7,"column":19},"end":{"line":18,"column":3}},"line":7}},"branchMap":{},"s":{"0":3,"1":6,"2":3,"3":3,"4":3},"f":{"0":6,"1":3},"b":{},"_coverageSchema":"43e27e138ebf9cfc5966b082cf9a028302ed4184","hash":"5f83d0709fa2629e91e6acd3d031c62b6b6f5997"}
,"/Users/keabraekman/Documents/LMU/CMSI 488/101Script/ast/list-expression.js": {"path":"/Users/keabraekman/Documents/LMU/CMSI 488/101Script/ast/list-expression.js","statementMap":{"0":{"start":{"line":1,"column":0},"end":{"line":9,"column":2}},"1":{"start":{"line":3,"column":4},"end":{"line":3,"column":27}},"2":{"start":{"line":7,"column":4},"end":{"line":7,"column":60}},"3":{"start":{"line":7,"column":35},"end":{"line":7,"column":58}}},"fnMap":{"0":{"name":"(anonymous_0)","decl":{"start":{"line":2,"column":2},"end":{"line":2,"column":3}},"loc":{"start":{"line":2,"column":23},"end":{"line":4,"column":3}},"line":2},"1":{"name":"(anonymous_1)","decl":{"start":{"line":6,"column":2},"end":{"line":6,"column":3}},"loc":{"start":{"line":6,"column":19},"end":{"line":8,"column":3}},"line":6},"2":{"name":"(anonymous_2)","decl":{"start":{"line":7,"column":25},"end":{"line":7,"column":26}},"loc":{"start":{"line":7,"column":35},"end":{"line":7,"column":58}},"line":7}},"branchMap":{},"s":{"0":3,"1":2,"2":2,"3":4},"f":{"0":2,"1":2,"2":4},"b":{},"_coverageSchema":"43e27e138ebf9cfc5966b082cf9a028302ed4184","hash":"2265bc218119d321d697f5d5a61d52f0d997e9e5"}
,"/Users/keabraekman/Documents/LMU/CMSI 488/101Script/ast/method.js": {"path":"/Users/keabraekman/Documents/LMU/CMSI 488/101Script/ast/method.js","statementMap":{"0":{"start":{"line":1,"column":0},"end":{"line":14,"column":2}},"1":{"start":{"line":3,"column":4},"end":{"line":3,"column":17}},"2":{"start":{"line":4,"column":4},"end":{"line":4,"column":25}},"3":{"start":{"line":5,"column":4},"end":{"line":5,"column":21}},"4":{"start":{"line":11,"column":4},"end":{"line":11,"column":31}},"5":{"start":{"line":12,"column":4},"end":{"line":12,"column":75}}},"fnMap":{"0":{"name":"(anonymous_0)","decl":{"start":{"line":2,"column":2},"end":{"line":2,"column":3}},"loc":{"start":{"line":2,"column":32},"end":{"line":6,"column":3}},"line":2},"1":{"name":"(anonymous_1)","decl":{"start":{"line":8,"column":2},"end":{"line":8,"column":3}},"loc":{"start":{"line":8,"column":19},"end":{"line":13,"column":3}},"line":8}},"branchMap":{},"s":{"0":3,"1":1,"2":1,"3":1,"4":0,"5":0},"f":{"0":1,"1":0},"b":{},"_coverageSchema":"43e27e138ebf9cfc5966b082cf9a028302ed4184","hash":"ab0afd58af8e10f0e00dc2c5aef1c737813fbd96"}
,"/Users/keabraekman/Documents/LMU/CMSI 488/101Script/ast/new-object.js": {"path":"/Users/keabraekman/Documents/LMU/CMSI 488/101Script/ast/new-object.js","statementMap":{"0":{"start":{"line":1,"column":18},"end":{"line":1,"column":40}},"1":{"start":{"line":3,"column":0},"end":{"line":16,"column":2}},"2":{"start":{"line":5,"column":4},"end":{"line":5,"column":46}},"3":{"start":{"line":10,"column":4},"end":{"line":10,"column":81}},"4":{"start":{"line":10,"column":39},"end":{"line":10,"column":79}},"5":{"start":{"line":11,"column":4},"end":{"line":11,"column":45}},"6":{"start":{"line":11,"column":25},"end":{"line":11,"column":43}},"7":{"start":{"line":12,"column":4},"end":{"line":14,"column":5}},"8":{"start":{"line":13,"column":6},"end":{"line":13,"column":56}},"9":{"start":{"line":13,"column":36},"end":{"line":13,"column":54}}},"fnMap":{"0":{"name":"(anonymous_0)","decl":{"start":{"line":4,"column":2},"end":{"line":4,"column":3}},"loc":{"start":{"line":4,"column":32},"end":{"line":7,"column":3}},"line":4},"1":{"name":"(anonymous_1)","decl":{"start":{"line":9,"column":2},"end":{"line":9,"column":3}},"loc":{"start":{"line":9,"column":19},"end":{"line":15,"column":3}},"line":9},"2":{"name":"(anonymous_2)","decl":{"start":{"line":10,"column":34},"end":{"line":10,"column":35}},"loc":{"start":{"line":10,"column":39},"end":{"line":10,"column":79}},"line":10},"3":{"name":"(anonymous_3)","decl":{"start":{"line":11,"column":20},"end":{"line":11,"column":21}},"loc":{"start":{"line":11,"column":25},"end":{"line":11,"column":43}},"line":11},"4":{"name":"(anonymous_4)","decl":{"start":{"line":13,"column":31},"end":{"line":13,"column":32}},"loc":{"start":{"line":13,"column":36},"end":{"line":13,"column":54}},"line":13}},"branchMap":{"0":{"loc":{"start":{"line":12,"column":4},"end":{"line":14,"column":5}},"type":"if","locations":[{"start":{"line":12,"column":4},"end":{"line":14,"column":5}},{"start":{"line":12,"column":4},"end":{"line":14,"column":5}}],"line":12}},"s":{"0":3,"1":3,"2":16,"3":8,"4":13,"5":8,"6":13,"7":8,"8":3,"9":4},"f":{"0":16,"1":8,"2":13,"3":13,"4":4},"b":{"0":[3,5]},"_coverageSchema":"43e27e138ebf9cfc5966b082cf9a028302ed4184","hash":"08e191b87e44b83bf930e18f6ad6d91ca0b9a55c"}
,"/Users/keabraekman/Documents/LMU/CMSI 488/101Script/ast/numeric-literal.js": {"path":"/Users/keabraekman/Documents/LMU/CMSI 488/101Script/ast/numeric-literal.js","statementMap":{"0":{"start":{"line":1,"column":0},"end":{"line":9,"column":2}},"1":{"start":{"line":3,"column":4},"end":{"line":3,"column":23}}},"fnMap":{"0":{"name":"(anonymous_0)","decl":{"start":{"line":2,"column":2},"end":{"line":2,"column":3}},"loc":{"start":{"line":2,"column":21},"end":{"line":4,"column":3}},"line":2},"1":{"name":"(anonymous_1)","decl":{"start":{"line":6,"column":2},"end":{"line":6,"column":3}},"loc":{"start":{"line":6,"column":12},"end":{"line":8,"column":3}},"line":6}},"branchMap":{},"s":{"0":3,"1":55},"f":{"0":55,"1":23},"b":{},"_coverageSchema":"43e27e138ebf9cfc5966b082cf9a028302ed4184","hash":"071573012b14c21f8898caf8bf1086c7eab632d9"}
,"/Users/keabraekman/Documents/LMU/CMSI 488/101Script/ast/parameter.js": {"path":"/Users/keabraekman/Documents/LMU/CMSI 488/101Script/ast/parameter.js","statementMap":{"0":{"start":{"line":1,"column":0},"end":{"line":9,"column":2}},"1":{"start":{"line":3,"column":4},"end":{"line":3,"column":50}},"2":{"start":{"line":7,"column":4},"end":{"line":7,"column":22}}},"fnMap":{"0":{"name":"(anonymous_0)","decl":{"start":{"line":2,"column":2},"end":{"line":2,"column":3}},"loc":{"start":{"line":2,"column":37},"end":{"line":4,"column":3}},"line":2},"1":{"name":"(anonymous_1)","decl":{"start":{"line":6,"column":2},"end":{"line":6,"column":3}},"loc":{"start":{"line":6,"column":19},"end":{"line":8,"column":3}},"line":6}},"branchMap":{},"s":{"0":3,"1":27,"2":13},"f":{"0":27,"1":13},"b":{},"_coverageSchema":"43e27e138ebf9cfc5966b082cf9a028302ed4184","hash":"6eafcdd3adc891c053c33caf890c8a27f7a9abec"}
,"/Users/keabraekman/Documents/LMU/CMSI 488/101Script/ast/program.js": {"path":"/Users/keabraekman/Documents/LMU/CMSI 488/101Script/ast/program.js","statementMap":{"0":{"start":{"line":1,"column":16},"end":{"line":1,"column":47}},"1":{"start":{"line":3,"column":0},"end":{"line":12,"column":2}},"2":{"start":{"line":5,"column":4},"end":{"line":5,"column":21}},"3":{"start":{"line":9,"column":20},"end":{"line":9,"column":60}},"4":{"start":{"line":10,"column":4},"end":{"line":10,"column":31}}},"fnMap":{"0":{"name":"(anonymous_0)","decl":{"start":{"line":4,"column":2},"end":{"line":4,"column":3}},"loc":{"start":{"line":4,"column":20},"end":{"line":6,"column":3}},"line":4},"1":{"name":"(anonymous_1)","decl":{"start":{"line":8,"column":2},"end":{"line":8,"column":3}},"loc":{"start":{"line":8,"column":12},"end":{"line":11,"column":3}},"line":8}},"branchMap":{},"s":{"0":3,"1":3,"2":38,"3":18,"4":18},"f":{"0":38,"1":18},"b":{},"_coverageSchema":"43e27e138ebf9cfc5966b082cf9a028302ed4184","hash":"90910bdd9816eb86cf7bb821a5f08335a77d1814"}
,"/Users/keabraekman/Documents/LMU/CMSI 488/101Script/ast/return-statement.js": {"path":"/Users/keabraekman/Documents/LMU/CMSI 488/101Script/ast/return-statement.js","statementMap":{"0":{"start":{"line":1,"column":0},"end":{"line":12,"column":2}},"1":{"start":{"line":3,"column":4},"end":{"line":3,"column":35}},"2":{"start":{"line":7,"column":4},"end":{"line":7,"column":66}},"3":{"start":{"line":8,"column":4},"end":{"line":10,"column":5}},"4":{"start":{"line":9,"column":6},"end":{"line":9,"column":40}}},"fnMap":{"0":{"name":"(anonymous_0)","decl":{"start":{"line":2,"column":2},"end":{"line":2,"column":3}},"loc":{"start":{"line":2,"column":27},"end":{"line":4,"column":3}},"line":2},"1":{"name":"(anonymous_1)","decl":{"start":{"line":6,"column":2},"end":{"line":6,"column":3}},"loc":{"start":{"line":6,"column":19},"end":{"line":11,"column":3}},"line":6}},"branchMap":{"0":{"loc":{"start":{"line":8,"column":4},"end":{"line":10,"column":5}},"type":"if","locations":[{"start":{"line":8,"column":4},"end":{"line":10,"column":5}},{"start":{"line":8,"column":4},"end":{"line":10,"column":5}}],"line":8}},"s":{"0":3,"1":8,"2":2,"3":2,"4":2},"f":{"0":8,"1":2},"b":{"0":[2,0]},"_coverageSchema":"43e27e138ebf9cfc5966b082cf9a028302ed4184","hash":"1d8ac5ba46c8c047b1f2d162aecac7a78e17669d"}
,"/Users/keabraekman/Documents/LMU/CMSI 488/101Script/ast/string-literal.js": {"path":"/Users/keabraekman/Documents/LMU/CMSI 488/101Script/ast/string-literal.js","statementMap":{"0":{"start":{"line":1,"column":0},"end":{"line":9,"column":2}},"1":{"start":{"line":3,"column":4},"end":{"line":3,"column":23}}},"fnMap":{"0":{"name":"(anonymous_0)","decl":{"start":{"line":2,"column":2},"end":{"line":2,"column":3}},"loc":{"start":{"line":2,"column":21},"end":{"line":4,"column":3}},"line":2},"1":{"name":"(anonymous_1)","decl":{"start":{"line":6,"column":2},"end":{"line":6,"column":3}},"loc":{"start":{"line":6,"column":12},"end":{"line":8,"column":3}},"line":6}},"branchMap":{},"s":{"0":3,"1":21},"f":{"0":21,"1":6},"b":{},"_coverageSchema":"43e27e138ebf9cfc5966b082cf9a028302ed4184","hash":"dc9cdfce0c0928c0aaaf42c6de5c3aff2fc2de2b"}
,"/Users/keabraekman/Documents/LMU/CMSI 488/101Script/ast/subscripted-expression.js": {"path":"/Users/keabraekman/Documents/LMU/CMSI 488/101Script/ast/subscripted-expression.js","statementMap":{"0":{"start":{"line":1,"column":0},"end":{"line":10,"column":2}},"1":{"start":{"line":3,"column":4},"end":{"line":3,"column":49}},"2":{"start":{"line":7,"column":4},"end":{"line":7,"column":35}},"3":{"start":{"line":8,"column":4},"end":{"line":8,"column":36}}},"fnMap":{"0":{"name":"(anonymous_0)","decl":{"start":{"line":2,"column":2},"end":{"line":2,"column":3}},"loc":{"start":{"line":2,"column":35},"end":{"line":4,"column":3}},"line":2},"1":{"name":"(anonymous_1)","decl":{"start":{"line":6,"column":2},"end":{"line":6,"column":3}},"loc":{"start":{"line":6,"column":19},"end":{"line":9,"column":3}},"line":6}},"branchMap":{},"s":{"0":3,"1":0,"2":0,"3":0},"f":{"0":0,"1":0},"b":{},"_coverageSchema":"43e27e138ebf9cfc5966b082cf9a028302ed4184","hash":"725623b81770c8e355ee44d9eeb589fe21c7cb15"}
,"/Users/keabraekman/Documents/LMU/CMSI 488/101Script/ast/unary-expression.js": {"path":"/Users/keabraekman/Documents/LMU/CMSI 488/101Script/ast/unary-expression.js","statementMap":{"0":{"start":{"line":1,"column":0},"end":{"line":9,"column":2}},"1":{"start":{"line":3,"column":4},"end":{"line":3,"column":41}},"2":{"start":{"line":7,"column":4},"end":{"line":7,"column":34}}},"fnMap":{"0":{"name":"(anonymous_0)","decl":{"start":{"line":2,"column":2},"end":{"line":2,"column":3}},"loc":{"start":{"line":2,"column":27},"end":{"line":4,"column":3}},"line":2},"1":{"name":"(anonymous_1)","decl":{"start":{"line":6,"column":2},"end":{"line":6,"column":3}},"loc":{"start":{"line":6,"column":19},"end":{"line":8,"column":3}},"line":6}},"branchMap":{},"s":{"0":3,"1":0,"2":0},"f":{"0":0,"1":0},"b":{},"_coverageSchema":"43e27e138ebf9cfc5966b082cf9a028302ed4184","hash":"2f273d3f78261284fb207aaacbad5be1cab5a9f3"}
,"/Users/keabraekman/Documents/LMU/CMSI 488/101Script/ast/variable-declaration.js": {"path":"/Users/keabraekman/Documents/LMU/CMSI 488/101Script/ast/variable-declaration.js","statementMap":{"0":{"start":{"line":1,"column":17},"end":{"line":1,"column":38}},"1":{"start":{"line":3,"column":0},"end":{"line":12,"column":2}},"2":{"start":{"line":5,"column":4},"end":{"line":5,"column":51}},"3":{"start":{"line":9,"column":4},"end":{"line":9,"column":38}},"4":{"start":{"line":10,"column":4},"end":{"line":10,"column":22}}},"fnMap":{"0":{"name":"(anonymous_0)","decl":{"start":{"line":4,"column":2},"end":{"line":4,"column":3}},"loc":{"start":{"line":4,"column":37},"end":{"line":6,"column":3}},"line":4},"1":{"name":"(anonymous_1)","decl":{"start":{"line":8,"column":2},"end":{"line":8,"column":3}},"loc":{"start":{"line":8,"column":19},"end":{"line":11,"column":4}},"line":8}},"branchMap":{},"s":{"0":3,"1":3,"2":16,"3":10,"4":9},"f":{"0":16,"1":10},"b":{},"_coverageSchema":"43e27e138ebf9cfc5966b082cf9a028302ed4184","hash":"4c6271b5e07114d51ae9a78ff2c5782d4afc7a19"}
,"/Users/keabraekman/Documents/LMU/CMSI 488/101Script/ast/variable.js": {"path":"/Users/keabraekman/Documents/LMU/CMSI 488/101Script/ast/variable.js","statementMap":{"0":{"start":{"line":1,"column":0},"end":{"line":8,"column":2}},"1":{"start":{"line":3,"column":4},"end":{"line":3,"column":17}}},"fnMap":{"0":{"name":"(anonymous_0)","decl":{"start":{"line":2,"column":2},"end":{"line":2,"column":3}},"loc":{"start":{"line":2,"column":18},"end":{"line":4,"column":3}},"line":2},"1":{"name":"(anonymous_1)","decl":{"start":{"line":6,"column":2},"end":{"line":6,"column":3}},"loc":{"start":{"line":6,"column":25},"end":{"line":7,"column":3}},"line":6}},"branchMap":{},"s":{"0":3,"1":0},"f":{"0":0,"1":0},"b":{},"_coverageSchema":"43e27e138ebf9cfc5966b082cf9a028302ed4184","hash":"6f8611fcfa6dfcccf3e7d00925300e4558a1d5cc"}
,"/Users/keabraekman/Documents/LMU/CMSI 488/101Script/ast/while-statement.js": {"path":"/Users/keabraekman/Documents/LMU/CMSI 488/101Script/ast/while-statement.js","statementMap":{"0":{"start":{"line":1,"column":0},"end":{"line":11,"column":2}},"1":{"start":{"line":3,"column":4},"end":{"line":3,"column":40}},"2":{"start":{"line":7,"column":4},"end":{"line":7,"column":31}},"3":{"start":{"line":8,"column":24},"end":{"line":8,"column":59}},"4":{"start":{"line":9,"column":4},"end":{"line":9,"column":35}}},"fnMap":{"0":{"name":"(anonymous_0)","decl":{"start":{"line":2,"column":2},"end":{"line":2,"column":3}},"loc":{"start":{"line":2,"column":26},"end":{"line":4,"column":3}},"line":2},"1":{"name":"(anonymous_1)","decl":{"start":{"line":6,"column":2},"end":{"line":6,"column":3}},"loc":{"start":{"line":6,"column":19},"end":{"line":10,"column":3}},"line":6}},"branchMap":{},"s":{"0":3,"1":4,"2":2,"3":2,"4":2},"f":{"0":4,"1":2},"b":{},"_coverageSchema":"43e27e138ebf9cfc5966b082cf9a028302ed4184","hash":"db60b38989619ebd66aa9ae89cb3df5623ed86ca"}
,"/Users/keabraekman/Documents/LMU/CMSI 488/101Script/semantics/context.js": {"path":"/Users/keabraekman/Documents/LMU/CMSI 488/101Script/semantics/context.js","statementMap":{"0":{"start":{"line":11,"column":13},"end":{"line":11,"column":28}},"1":{"start":{"line":12,"column":28},"end":{"line":12,"column":66}},"2":{"start":{"line":13,"column":18},"end":{"line":13,"column":46}},"3":{"start":{"line":14,"column":18},"end":{"line":14,"column":45}},"4":{"start":{"line":18,"column":4},"end":{"line":21,"column":9}},"5":{"start":{"line":26,"column":4},"end":{"line":26,"column":73}},"6":{"start":{"line":31,"column":4},"end":{"line":31,"column":94}},"7":{"start":{"line":37,"column":4},"end":{"line":41,"column":7}},"8":{"start":{"line":51,"column":4},"end":{"line":53,"column":5}},"9":{"start":{"line":52,"column":6},"end":{"line":52,"column":80}},"10":{"start":{"line":54,"column":4},"end":{"line":54,"column":42}},"11":{"start":{"line":60,"column":4},"end":{"line":67,"column":5}},"12":{"start":{"line":61,"column":6},"end":{"line":61,"column":35}},"13":{"start":{"line":62,"column":11},"end":{"line":67,"column":5}},"14":{"start":{"line":64,"column":6},"end":{"line":64,"column":77}},"15":{"start":{"line":66,"column":4},"end":{"line":66,"column":34}},"16":{"start":{"line":71,"column":4},"end":{"line":73,"column":5}},"17":{"start":{"line":72,"column":6},"end":{"line":72,"column":31}},"18":{"start":{"line":80,"column":4},"end":{"line":83,"column":5}},"19":{"start":{"line":82,"column":6},"end":{"line":82,"column":65}},"20":{"start":{"line":87,"column":0},"end":{"line":87,"column":32}},"21":{"start":{"line":88,"column":0},"end":{"line":88,"column":92}},"22":{"start":{"line":90,"column":0},"end":{"line":90,"column":25}}},"fnMap":{"0":{"name":"(anonymous_0)","decl":{"start":{"line":17,"column":2},"end":{"line":17,"column":3}},"loc":{"start":{"line":17,"column":78},"end":{"line":22,"column":3}},"line":17},"1":{"name":"(anonymous_1)","decl":{"start":{"line":24,"column":2},"end":{"line":24,"column":3}},"loc":{"start":{"line":24,"column":53},"end":{"line":27,"column":3}},"line":24},"2":{"name":"(anonymous_2)","decl":{"start":{"line":29,"column":2},"end":{"line":29,"column":3}},"loc":{"start":{"line":29,"column":30},"end":{"line":32,"column":3}},"line":29},"3":{"name":"(anonymous_3)","decl":{"start":{"line":34,"column":2},"end":{"line":34,"column":3}},"loc":{"start":{"line":34,"column":31},"end":{"line":42,"column":3}},"line":34},"4":{"name":"(anonymous_4)","decl":{"start":{"line":50,"column":2},"end":{"line":50,"column":3}},"loc":{"start":{"line":50,"column":14},"end":{"line":55,"column":3}},"line":50},"5":{"name":"(anonymous_5)","decl":{"start":{"line":59,"column":2},"end":{"line":59,"column":3}},"loc":{"start":{"line":59,"column":13},"end":{"line":68,"column":3}},"line":59},"6":{"name":"(anonymous_6)","decl":{"start":{"line":70,"column":2},"end":{"line":70,"column":3}},"loc":{"start":{"line":70,"column":28},"end":{"line":74,"column":3}},"line":70},"7":{"name":"(anonymous_7)","decl":{"start":{"line":76,"column":2},"end":{"line":76,"column":3}},"loc":{"start":{"line":76,"column":27},"end":{"line":84,"column":3}},"line":76}},"branchMap":{"0":{"loc":{"start":{"line":17,"column":14},"end":{"line":17,"column":76}},"type":"default-arg","locations":[{"start":{"line":17,"column":74},"end":{"line":17,"column":76}}],"line":17},"1":{"loc":{"start":{"line":17,"column":16},"end":{"line":17,"column":29}},"type":"default-arg","locations":[{"start":{"line":17,"column":25},"end":{"line":17,"column":29}}],"line":17},"2":{"loc":{"start":{"line":17,"column":31},"end":{"line":17,"column":53}},"type":"default-arg","locations":[{"start":{"line":17,"column":49},"end":{"line":17,"column":53}}],"line":17},"3":{"loc":{"start":{"line":17,"column":55},"end":{"line":17,"column":69}},"type":"default-arg","locations":[{"start":{"line":17,"column":64},"end":{"line":17,"column":69}}],"line":17},"4":{"loc":{"start":{"line":51,"column":4},"end":{"line":53,"column":5}},"type":"if","locations":[{"start":{"line":51,"column":4},"end":{"line":53,"column":5}},{"start":{"line":51,"column":4},"end":{"line":53,"column":5}}],"line":51},"5":{"loc":{"start":{"line":51,"column":8},"end":{"line":51,"column":65}},"type":"binary-expr","locations":[{"start":{"line":51,"column":8},"end":{"line":51,"column":38}},{"start":{"line":51,"column":42},"end":{"line":51,"column":65}}],"line":51},"6":{"loc":{"start":{"line":60,"column":4},"end":{"line":67,"column":5}},"type":"if","locations":[{"start":{"line":60,"column":4},"end":{"line":67,"column":5}},{"start":{"line":60,"column":4},"end":{"line":67,"column":5}}],"line":60},"7":{"loc":{"start":{"line":62,"column":11},"end":{"line":67,"column":5}},"type":"if","locations":[{"start":{"line":62,"column":11},"end":{"line":67,"column":5}},{"start":{"line":62,"column":11},"end":{"line":67,"column":5}}],"line":62},"8":{"loc":{"start":{"line":71,"column":4},"end":{"line":73,"column":5}},"type":"if","locations":[{"start":{"line":71,"column":4},"end":{"line":73,"column":5}},{"start":{"line":71,"column":4},"end":{"line":73,"column":5}}],"line":71},"9":{"loc":{"start":{"line":80,"column":4},"end":{"line":83,"column":5}},"type":"if","locations":[{"start":{"line":80,"column":4},"end":{"line":83,"column":5}},{"start":{"line":80,"column":4},"end":{"line":83,"column":5}}],"line":80}},"s":{"0":3,"1":3,"2":3,"3":3,"4":32,"5":6,"6":5,"7":0,"8":28,"9":0,"10":28,"11":17,"12":9,"13":8,"14":2,"15":6,"16":2,"17":0,"18":2,"19":2,"20":3,"21":3,"22":3},"f":{"0":32,"1":6,"2":5,"3":0,"4":28,"5":17,"6":2,"7":2},"b":{"0":[3],"1":[3],"2":[21],"3":[21],"4":[0,28],"5":[28,3],"6":[9,8],"7":[2,6],"8":[0,2],"9":[2,0]},"_coverageSchema":"43e27e138ebf9cfc5966b082cf9a028302ed4184","hash":"64bdb823f11080ebe4d4b51b305d72d901bd41d9"}
,"/Users/keabraekman/Documents/LMU/CMSI 488/101Script/syntax/parser.js": {"path":"/Users/keabraekman/Documents/LMU/CMSI 488/101Script/syntax/parser.js","statementMap":{"0":{"start":{"line":1,"column":12},"end":{"line":1,"column":29}},"1":{"start":{"line":2,"column":11},"end":{"line":2,"column":24}},"2":{"start":{"line":3,"column":13},"end":{"line":3,"column":28}},"3":{"start":{"line":5,"column":16},"end":{"line":5,"column":41}},"4":{"start":{"line":6,"column":14},"end":{"line":6,"column":37}},"5":{"start":{"line":7,"column":28},"end":{"line":7,"column":66}},"6":{"start":{"line":8,"column":25},"end":{"line":8,"column":60}},"7":{"start":{"line":9,"column":28},"end":{"line":9,"column":66}},"8":{"start":{"line":10,"column":23},"end":{"line":10,"column":56}},"9":{"start":{"line":11,"column":24},"end":{"line":11,"column":58}},"10":{"start":{"line":12,"column":24},"end":{"line":12,"column":58}},"11":{"start":{"line":13,"column":20},"end":{"line":13,"column":50}},"12":{"start":{"line":14,"column":23},"end":{"line":14,"column":56}},"13":{"start":{"line":15,"column":22},"end":{"line":15,"column":54}},"14":{"start":{"line":16,"column":28},"end":{"line":16,"column":66}},"15":{"start":{"line":17,"column":18},"end":{"line":17,"column":46}},"16":{"start":{"line":18,"column":23},"end":{"line":18,"column":56}},"17":{"start":{"line":19,"column":25},"end":{"line":19,"column":60}},"18":{"start":{"line":20,"column":24},"end":{"line":20,"column":58}},"19":{"start":{"line":21,"column":29},"end":{"line":21,"column":68}},"20":{"start":{"line":22,"column":30},"end":{"line":22,"column":70}},"21":{"start":{"line":23,"column":13},"end":{"line":23,"column":46}},"22":{"start":{"line":24,"column":18},"end":{"line":24,"column":45}},"23":{"start":{"line":25,"column":14},"end":{"line":25,"column":37}},"24":{"start":{"line":26,"column":15},"end":{"line":26,"column":39}},"25":{"start":{"line":27,"column":17},"end":{"line":27,"column":43}},"26":{"start":{"line":28,"column":23},"end":{"line":28,"column":56}},"27":{"start":{"line":29,"column":23},"end":{"line":29,"column":56}},"28":{"start":{"line":30,"column":22},"end":{"line":30,"column":54}},"29":{"start":{"line":32,"column":16},"end":{"line":32,"column":70}},"30":{"start":{"line":36,"column":2},"end":{"line":36,"column":38}},"31":{"start":{"line":40,"column":2},"end":{"line":40,"column":38}},"32":{"start":{"line":44,"column":21},"end":{"line":190,"column":2}},"33":{"start":{"line":46,"column":14},"end":{"line":46,"column":37}},"34":{"start":{"line":48,"column":4},"end":{"line":48,"column":13}},"35":{"start":{"line":52,"column":4},"end":{"line":52,"column":34}},"36":{"start":{"line":56,"column":4},"end":{"line":56,"column":27}},"37":{"start":{"line":60,"column":4},"end":{"line":60,"column":54}},"38":{"start":{"line":64,"column":4},"end":{"line":64,"column":74}},"39":{"start":{"line":68,"column":4},"end":{"line":68,"column":71}},"40":{"start":{"line":72,"column":4},"end":{"line":72,"column":66}},"41":{"start":{"line":76,"column":4},"end":{"line":76,"column":53}},"42":{"start":{"line":80,"column":4},"end":{"line":80,"column":38}},"43":{"start":{"line":84,"column":4},"end":{"line":84,"column":32}},"44":{"start":{"line":88,"column":4},"end":{"line":88,"column":48}},"45":{"start":{"line":92,"column":4},"end":{"line":92,"column":67}},"46":{"start":{"line":96,"column":4},"end":{"line":96,"column":55}},"47":{"start":{"line":100,"column":4},"end":{"line":100,"column":67}},"48":{"start":{"line":104,"column":4},"end":{"line":104,"column":67}},"49":{"start":{"line":108,"column":4},"end":{"line":108,"column":67}},"50":{"start":{"line":112,"column":4},"end":{"line":112,"column":56}},"51":{"start":{"line":116,"column":4},"end":{"line":116,"column":49}},"52":{"start":{"line":120,"column":4},"end":{"line":120,"column":28}},"53":{"start":{"line":124,"column":4},"end":{"line":124,"column":46}},"54":{"start":{"line":128,"column":4},"end":{"line":128,"column":95}},"55":{"start":{"line":132,"column":4},"end":{"line":132,"column":49}},"56":{"start":{"line":136,"column":4},"end":{"line":136,"column":55}},"57":{"start":{"line":140,"column":4},"end":{"line":140,"column":49}},"58":{"start":{"line":144,"column":4},"end":{"line":144,"column":46}},"59":{"start":{"line":148,"column":4},"end":{"line":148,"column":54}},"60":{"start":{"line":152,"column":4},"end":{"line":152,"column":42}},"61":{"start":{"line":156,"column":4},"end":{"line":156,"column":58}},"62":{"start":{"line":160,"column":4},"end":{"line":160,"column":53}},"63":{"start":{"line":164,"column":4},"end":{"line":164,"column":40}},"64":{"start":{"line":168,"column":4},"end":{"line":168,"column":14}},"65":{"start":{"line":172,"column":4},"end":{"line":172,"column":51}},"66":{"start":{"line":176,"column":4},"end":{"line":176,"column":50}},"67":{"start":{"line":180,"column":4},"end":{"line":180,"column":48}},"68":{"start":{"line":184,"column":4},"end":{"line":184,"column":29}},"69":{"start":{"line":188,"column":4},"end":{"line":188,"column":29}},"70":{"start":{"line":193,"column":0},"end":{"line":199,"column":2}},"71":{"start":{"line":194,"column":16},"end":{"line":194,"column":35}},"72":{"start":{"line":195,"column":2},"end":{"line":197,"column":3}},"73":{"start":{"line":196,"column":4},"end":{"line":196,"column":54}},"74":{"start":{"line":198,"column":2},"end":{"line":198,"column":35}}},"fnMap":{"0":{"name":"unpack","decl":{"start":{"line":35,"column":9},"end":{"line":35,"column":15}},"loc":{"start":{"line":35,"column":19},"end":{"line":37,"column":1}},"line":35},"1":{"name":"arrayToNullable","decl":{"start":{"line":39,"column":9},"end":{"line":39,"column":24}},"loc":{"start":{"line":39,"column":28},"end":{"line":41,"column":1}},"line":39},"2":{"name":"(anonymous_2)","decl":{"start":{"line":45,"column":2},"end":{"line":45,"column":3}},"loc":{"start":{"line":45,"column":24},"end":{"line":49,"column":3}},"line":45},"3":{"name":"(anonymous_3)","decl":{"start":{"line":51,"column":2},"end":{"line":51,"column":3}},"loc":{"start":{"line":51,"column":15},"end":{"line":53,"column":3}},"line":51},"4":{"name":"(anonymous_4)","decl":{"start":{"line":55,"column":2},"end":{"line":55,"column":3}},"loc":{"start":{"line":55,"column":28},"end":{"line":57,"column":3}},"line":55},"5":{"name":"(anonymous_5)","decl":{"start":{"line":59,"column":2},"end":{"line":59,"column":3}},"loc":{"start":{"line":59,"column":45},"end":{"line":61,"column":3}},"line":59},"6":{"name":"(anonymous_6)","decl":{"start":{"line":63,"column":2},"end":{"line":63,"column":3}},"loc":{"start":{"line":63,"column":80},"end":{"line":65,"column":3}},"line":63},"7":{"name":"(anonymous_7)","decl":{"start":{"line":67,"column":2},"end":{"line":67,"column":3}},"loc":{"start":{"line":67,"column":54},"end":{"line":69,"column":3}},"line":67},"8":{"name":"(anonymous_8)","decl":{"start":{"line":71,"column":2},"end":{"line":71,"column":3}},"loc":{"start":{"line":71,"column":38},"end":{"line":73,"column":3}},"line":71},"9":{"name":"(anonymous_9)","decl":{"start":{"line":75,"column":2},"end":{"line":75,"column":3}},"loc":{"start":{"line":75,"column":29},"end":{"line":77,"column":3}},"line":75},"10":{"name":"(anonymous_10)","decl":{"start":{"line":79,"column":2},"end":{"line":79,"column":3}},"loc":{"start":{"line":79,"column":21},"end":{"line":81,"column":3}},"line":79},"11":{"name":"(anonymous_11)","decl":{"start":{"line":83,"column":2},"end":{"line":83,"column":3}},"loc":{"start":{"line":83,"column":22},"end":{"line":85,"column":3}},"line":83},"12":{"name":"(anonymous_12)","decl":{"start":{"line":87,"column":2},"end":{"line":87,"column":3}},"loc":{"start":{"line":87,"column":26},"end":{"line":89,"column":3}},"line":87},"13":{"name":"(anonymous_13)","decl":{"start":{"line":91,"column":2},"end":{"line":91,"column":3}},"loc":{"start":{"line":91,"column":26},"end":{"line":93,"column":3}},"line":91},"14":{"name":"(anonymous_14)","decl":{"start":{"line":95,"column":2},"end":{"line":95,"column":3}},"loc":{"start":{"line":95,"column":27},"end":{"line":97,"column":3}},"line":95},"15":{"name":"(anonymous_15)","decl":{"start":{"line":99,"column":2},"end":{"line":99,"column":3}},"loc":{"start":{"line":99,"column":31},"end":{"line":101,"column":3}},"line":99},"16":{"name":"(anonymous_16)","decl":{"start":{"line":103,"column":2},"end":{"line":103,"column":3}},"loc":{"start":{"line":103,"column":31},"end":{"line":105,"column":3}},"line":103},"17":{"name":"(anonymous_17)","decl":{"start":{"line":107,"column":2},"end":{"line":107,"column":3}},"loc":{"start":{"line":107,"column":31},"end":{"line":109,"column":3}},"line":107},"18":{"name":"(anonymous_18)","decl":{"start":{"line":111,"column":2},"end":{"line":111,"column":3}},"loc":{"start":{"line":111,"column":26},"end":{"line":113,"column":3}},"line":111},"19":{"name":"(anonymous_19)","decl":{"start":{"line":115,"column":2},"end":{"line":115,"column":3}},"loc":{"start":{"line":115,"column":33},"end":{"line":117,"column":3}},"line":115},"20":{"name":"(anonymous_20)","decl":{"start":{"line":119,"column":2},"end":{"line":119,"column":3}},"loc":{"start":{"line":119,"column":34},"end":{"line":121,"column":3}},"line":119},"21":{"name":"(anonymous_21)","decl":{"start":{"line":123,"column":2},"end":{"line":123,"column":3}},"loc":{"start":{"line":123,"column":29},"end":{"line":125,"column":3}},"line":123},"22":{"name":"(anonymous_22)","decl":{"start":{"line":127,"column":2},"end":{"line":127,"column":3}},"loc":{"start":{"line":127,"column":55},"end":{"line":129,"column":3}},"line":127},"23":{"name":"(anonymous_23)","decl":{"start":{"line":131,"column":2},"end":{"line":131,"column":3}},"loc":{"start":{"line":131,"column":43},"end":{"line":133,"column":3}},"line":131},"24":{"name":"(anonymous_24)","decl":{"start":{"line":135,"column":2},"end":{"line":135,"column":3}},"loc":{"start":{"line":135,"column":35},"end":{"line":137,"column":3}},"line":135},"25":{"name":"(anonymous_25)","decl":{"start":{"line":139,"column":2},"end":{"line":139,"column":3}},"loc":{"start":{"line":139,"column":26},"end":{"line":141,"column":3}},"line":139},"26":{"name":"(anonymous_26)","decl":{"start":{"line":143,"column":2},"end":{"line":143,"column":3}},"loc":{"start":{"line":143,"column":20},"end":{"line":145,"column":3}},"line":143},"27":{"name":"(anonymous_27)","decl":{"start":{"line":147,"column":2},"end":{"line":147,"column":3}},"loc":{"start":{"line":147,"column":20},"end":{"line":149,"column":3}},"line":147},"28":{"name":"(anonymous_28)","decl":{"start":{"line":151,"column":2},"end":{"line":151,"column":3}},"loc":{"start":{"line":151,"column":20},"end":{"line":153,"column":3}},"line":151},"29":{"name":"(anonymous_29)","decl":{"start":{"line":155,"column":2},"end":{"line":155,"column":3}},"loc":{"start":{"line":155,"column":43},"end":{"line":157,"column":3}},"line":155},"30":{"name":"(anonymous_30)","decl":{"start":{"line":159,"column":2},"end":{"line":159,"column":3}},"loc":{"start":{"line":159,"column":18},"end":{"line":161,"column":3}},"line":159},"31":{"name":"(anonymous_31)","decl":{"start":{"line":163,"column":2},"end":{"line":163,"column":3}},"loc":{"start":{"line":163,"column":33},"end":{"line":165,"column":3}},"line":163},"32":{"name":"(anonymous_32)","decl":{"start":{"line":167,"column":2},"end":{"line":167,"column":3}},"loc":{"start":{"line":167,"column":16},"end":{"line":169,"column":3}},"line":167},"33":{"name":"(anonymous_33)","decl":{"start":{"line":171,"column":2},"end":{"line":171,"column":3}},"loc":{"start":{"line":171,"column":13},"end":{"line":173,"column":3}},"line":171},"34":{"name":"(anonymous_34)","decl":{"start":{"line":175,"column":2},"end":{"line":175,"column":3}},"loc":{"start":{"line":175,"column":33},"end":{"line":177,"column":3}},"line":175},"35":{"name":"(anonymous_35)","decl":{"start":{"line":179,"column":2},"end":{"line":179,"column":3}},"loc":{"start":{"line":179,"column":24},"end":{"line":181,"column":3}},"line":179},"36":{"name":"(anonymous_36)","decl":{"start":{"line":183,"column":2},"end":{"line":183,"column":3}},"loc":{"start":{"line":183,"column":13},"end":{"line":185,"column":3}},"line":183},"37":{"name":"(anonymous_37)","decl":{"start":{"line":187,"column":2},"end":{"line":187,"column":3}},"loc":{"start":{"line":187,"column":14},"end":{"line":189,"column":3}},"line":187},"38":{"name":"(anonymous_38)","decl":{"start":{"line":193,"column":17},"end":{"line":193,"column":18}},"loc":{"start":{"line":193,"column":27},"end":{"line":199,"column":1}},"line":193}},"branchMap":{"0":{"loc":{"start":{"line":36,"column":9},"end":{"line":36,"column":37}},"type":"cond-expr","locations":[{"start":{"line":36,"column":26},"end":{"line":36,"column":30}},{"start":{"line":36,"column":33},"end":{"line":36,"column":37}}],"line":36},"1":{"loc":{"start":{"line":40,"column":9},"end":{"line":40,"column":37}},"type":"cond-expr","locations":[{"start":{"line":40,"column":26},"end":{"line":40,"column":30}},{"start":{"line":40,"column":33},"end":{"line":40,"column":37}}],"line":40},"2":{"loc":{"start":{"line":195,"column":2},"end":{"line":197,"column":3}},"type":"if","locations":[{"start":{"line":195,"column":2},"end":{"line":197,"column":3}},{"start":{"line":195,"column":2},"end":{"line":197,"column":3}}],"line":195}},"s":{"0":3,"1":3,"2":3,"3":3,"4":3,"5":3,"6":3,"7":3,"8":3,"9":3,"10":3,"11":3,"12":3,"13":3,"14":3,"15":3,"16":3,"17":3,"18":3,"19":3,"20":3,"21":3,"22":3,"23":3,"24":3,"25":3,"26":3,"27":3,"28":3,"29":3,"30":27,"31":2,"32":3,"33":38,"34":38,"35":60,"36":33,"37":4,"38":6,"39":7,"40":16,"41":19,"42":7,"43":1,"44":8,"45":1,"46":0,"47":10,"48":14,"49":12,"50":0,"51":2,"52":3,"53":8,"54":2,"55":4,"56":0,"57":1,"58":61,"59":11,"60":9,"61":1,"62":8,"63":16,"64":2,"65":2,"66":55,"67":21,"68":110,"69":110,"70":3,"71":41,"72":41,"73":3,"74":38},"f":{"0":27,"1":2,"2":38,"3":60,"4":33,"5":4,"6":6,"7":7,"8":16,"9":19,"10":7,"11":1,"12":8,"13":1,"14":0,"15":10,"16":14,"17":12,"18":0,"19":2,"20":3,"21":8,"22":2,"23":4,"24":0,"25":1,"26":61,"27":11,"28":9,"29":1,"30":8,"31":16,"32":2,"33":2,"34":55,"35":21,"36":110,"37":110,"38":41},"b":{"0":[19,8],"1":[2,0],"2":[3,38]},"_coverageSchema":"43e27e138ebf9cfc5966b082cf9a028302ed4184","hash":"b0de136099d98a541ce16d8c097088ab31e897a4"}
}
