TN:
SF:/Users/simonwro120/101Script/ast/argument.js
FN:2,(anonymous_0)
FN:6,(anonymous_1)
FNF:2
FNH:1
FNDA:8,(anonymous_0)
FNDA:0,(anonymous_1)
DA:1,3
DA:3,8
DA:7,0
LF:3
LH:2
BRF:0
BRH:0
end_of_record
TN:
SF:/Users/simonwro120/101Script/ast/assignment-statement.js
FN:2,(anonymous_0)
FN:6,(anonymous_1)
FNF:2
FNH:2
FNDA:17,(anonymous_0)
FNDA:2,(anonymous_1)
DA:1,3
DA:3,17
DA:7,2
DA:8,2
LF:4
LH:4
BRF:0
BRH:0
end_of_record
TN:
SF:/Users/simonwro120/101Script/ast/binary-expression.js
FN:2,(anonymous_0)
FN:6,(anonymous_1)
FNF:2
FNH:2
FNDA:35,(anonymous_0)
FNDA:13,(anonymous_1)
DA:1,3
DA:3,35
DA:7,13
DA:8,13
LF:4
LH:4
BRF:0
BRH:0
end_of_record
TN:
SF:/Users/simonwro120/101Script/ast/block.js
FN:4,(anonymous_0)
FN:5,(anonymous_1)
FN:8,(anonymous_2)
FN:9,(anonymous_3)
FNF:4
FNH:4
FNDA:52,(anonymous_0)
FNDA:101,(anonymous_1)
FNDA:13,(anonymous_2)
FNDA:19,(anonymous_3)
DA:3,3
DA:5,101
DA:9,19
LF:3
LH:3
BRF:0
BRH:0
end_of_record
TN:
SF:/Users/simonwro120/101Script/ast/boolean-literal.js
FN:2,(anonymous_0)
FN:6,(anonymous_1)
FNF:2
FNH:1
FNDA:2,(anonymous_0)
FNDA:0,(anonymous_1)
DA:1,3
DA:3,2
LF:2
LH:2
BRF:0
BRH:0
end_of_record
TN:
SF:/Users/simonwro120/101Script/ast/break-statement.js
FN:3,(anonymous_0)
FNF:1
FNH:0
FNDA:0,(anonymous_0)
DA:2,3
DA:4,0
DA:5,0
LF:3
LH:1
BRDA:4,0,0,0
BRDA:4,0,1,0
BRF:2
BRH:0
end_of_record
TN:
SF:/Users/simonwro120/101Script/ast/call-expression.js
FN:2,(anonymous_0)
FN:6,(anonymous_1)
FN:10,(anonymous_2)
FNF:3
FNH:2
FNDA:8,(anonymous_0)
FNDA:2,(anonymous_1)
FNDA:0,(anonymous_2)
DA:1,3
DA:3,8
DA:7,2
DA:8,2
DA:9,0
DA:10,0
LF:6
LH:4
BRF:0
BRH:0
end_of_record
TN:
SF:/Users/simonwro120/101Script/ast/call-statement.js
FN:2,(anonymous_0)
FN:6,(anonymous_1)
FNF:2
FNH:2
FNDA:7,(anonymous_0)
FNDA:2,(anonymous_1)
DA:1,3
DA:3,7
DA:7,2
LF:3
LH:3
BRF:0
BRH:0
end_of_record
TN:
SF:/Users/simonwro120/101Script/ast/class-declaration.js
FN:4,(anonymous_0)
FN:7,(anonymous_1)
FNF:2
FNH:2
FNDA:1,(anonymous_0)
FNDA:5,(anonymous_1)
DA:1,3
DA:3,3
DA:5,1
DA:6,1
DA:7,5
LF:5
LH:5
BRF:0
BRH:0
end_of_record
TN:
SF:/Users/simonwro120/101Script/ast/field-expression.js
FN:2,(anonymous_0)
FN:6,(anonymous_1)
FNF:2
FNH:2
FNDA:1,(anonymous_0)
FNDA:2,(anonymous_1)
DA:1,3
DA:3,1
LF:2
LH:2
BRF:0
BRH:0
end_of_record
TN:
SF:/Users/simonwro120/101Script/ast/field.js
FN:2,(anonymous_0)
FN:6,(anonymous_1)
FNF:2
FNH:1
FNDA:9,(anonymous_0)
FNDA:0,(anonymous_1)
DA:1,3
DA:3,9
DA:7,0
LF:3
LH:2
BRF:0
BRH:0
end_of_record
TN:
SF:/Users/simonwro120/101Script/ast/function-declaration.js
FN:4,(anonymous_0)
FN:10,(anonymous_1)
FNF:2
FNH:2
FNDA:9,(anonymous_0)
FNDA:5,(anonymous_1)
DA:1,3
DA:3,3
DA:5,9
DA:6,9
DA:11,5
DA:12,5
DA:15,5
DA:16,5
LF:8
LH:8
BRF:0
BRH:0
end_of_record
TN:
SF:/Users/simonwro120/101Script/ast/identifier-expression.js
FN:2,(anonymous_0)
FN:6,(anonymous_1)
FNF:2
FNH:2
FNDA:55,(anonymous_0)
FNDA:8,(anonymous_1)
DA:1,3
DA:3,55
DA:7,8
LF:3
LH:3
BRF:0
BRH:0
end_of_record
TN:
SF:/Users/simonwro120/101Script/ast/if-statement.js
FN:2,(anonymous_0)
FN:7,(anonymous_1)
FNF:2
FNH:2
FNDA:6,(anonymous_0)
FNDA:3,(anonymous_1)
DA:1,3
DA:3,6
DA:12,3
DA:13,3
DA:14,3
LF:5
LH:5
BRF:0
BRH:0
end_of_record
TN:
SF:/Users/simonwro120/101Script/ast/list-expression.js
FN:2,(anonymous_0)
FN:6,(anonymous_1)
FN:7,(anonymous_2)
FNF:3
FNH:0
FNDA:0,(anonymous_0)
FNDA:0,(anonymous_1)
FNDA:0,(anonymous_2)
DA:1,3
DA:3,0
DA:7,0
LF:3
LH:1
BRF:0
BRH:0
end_of_record
TN:
SF:/Users/simonwro120/101Script/ast/method.js
FN:2,(anonymous_0)
FN:8,(anonymous_1)
FNF:2
FNH:0
FNDA:0,(anonymous_0)
FNDA:0,(anonymous_1)
DA:1,3
DA:3,0
DA:4,0
DA:5,0
DA:11,0
DA:12,0
LF:6
LH:1
BRF:0
BRH:0
end_of_record
TN:
SF:/Users/simonwro120/101Script/ast/new-object.js
FN:4,(anonymous_0)
FN:9,(anonymous_1)
FN:10,(anonymous_2)
FN:11,(anonymous_3)
FN:13,(anonymous_4)
FNF:5
FNH:5
FNDA:14,(anonymous_0)
FNDA:7,(anonymous_1)
FNDA:12,(anonymous_2)
FNDA:12,(anonymous_3)
FNDA:3,(anonymous_4)
DA:1,3
DA:3,3
DA:5,14
DA:10,12
DA:11,12
DA:12,7
DA:13,3
LF:7
LH:7
BRDA:12,0,0,2
BRDA:12,0,1,5
BRF:2
BRH:2
end_of_record
TN:
SF:/Users/simonwro120/101Script/ast/numeric-literal.js
FN:2,(anonymous_0)
FN:6,(anonymous_1)
FNF:2
FNH:2
FNDA:53,(anonymous_0)
FNDA:22,(anonymous_1)
DA:1,3
DA:3,53
LF:2
LH:2
BRF:0
BRH:0
end_of_record
TN:
SF:/Users/simonwro120/101Script/ast/parameter.js
FN:2,(anonymous_0)
FN:6,(anonymous_1)
FNF:2
FNH:2
FNDA:23,(anonymous_0)
FNDA:12,(anonymous_1)
DA:1,3
DA:3,23
DA:7,12
LF:3
LH:3
BRF:0
BRH:0
end_of_record
TN:
SF:/Users/simonwro120/101Script/ast/program.js
FN:4,(anonymous_0)
FN:8,(anonymous_1)
FNF:2
FNH:2
FNDA:31,(anonymous_0)
FNDA:11,(anonymous_1)
DA:1,3
DA:3,3
DA:5,31
DA:9,11
DA:10,11
LF:5
LH:5
BRF:0
BRH:0
end_of_record
TN:
SF:/Users/simonwro120/101Script/ast/return-statement.js
FN:2,(anonymous_0)
FN:6,(anonymous_1)
FNF:2
FNH:2
FNDA:8,(anonymous_0)
FNDA:2,(anonymous_1)
DA:1,3
DA:3,8
DA:7,2
DA:8,2
DA:9,2
LF:5
LH:5
BRDA:8,0,0,2
BRDA:8,0,1,0
BRF:2
BRH:1
end_of_record
TN:
SF:/Users/simonwro120/101Script/ast/string-literal.js
FN:2,(anonymous_0)
FN:6,(anonymous_1)
FNF:2
FNH:2
FNDA:16,(anonymous_0)
FNDA:2,(anonymous_1)
DA:1,3
DA:3,16
LF:2
LH:2
BRF:0
BRH:0
end_of_record
TN:
SF:/Users/simonwro120/101Script/ast/subscripted-expression.js
FN:2,(anonymous_0)
FN:6,(anonymous_1)
FNF:2
FNH:0
FNDA:0,(anonymous_0)
FNDA:0,(anonymous_1)
DA:1,3
DA:3,0
DA:7,0
DA:8,0
LF:4
LH:1
BRF:0
BRH:0
end_of_record
TN:
SF:/Users/simonwro120/101Script/ast/unary-expression.js
FN:2,(anonymous_0)
FN:6,(anonymous_1)
FNF:2
FNH:0
FNDA:0,(anonymous_0)
FNDA:0,(anonymous_1)
DA:1,3
DA:3,0
DA:7,0
LF:3
LH:1
BRF:0
BRH:0
end_of_record
TN:
SF:/Users/simonwro120/101Script/ast/variable-declaration.js
FN:4,(anonymous_0)
FN:8,(anonymous_1)
FNF:2
FNH:2
FNDA:12,(anonymous_0)
FNDA:6,(anonymous_1)
DA:1,3
DA:3,3
DA:5,12
DA:9,6
DA:10,6
LF:5
LH:5
BRF:0
BRH:0
end_of_record
TN:
SF:/Users/simonwro120/101Script/ast/variable.js
FN:2,(anonymous_0)
FN:6,(anonymous_1)
FNF:2
FNH:0
FNDA:0,(anonymous_0)
FNDA:0,(anonymous_1)
DA:1,3
DA:3,0
LF:2
LH:1
BRF:0
BRH:0
end_of_record
TN:
SF:/Users/simonwro120/101Script/ast/while-statement.js
FN:2,(anonymous_0)
FN:6,(anonymous_1)
FNF:2
FNH:2
FNDA:4,(anonymous_0)
FNDA:2,(anonymous_1)
DA:1,3
DA:3,4
DA:7,2
DA:8,2
DA:9,2
LF:5
LH:5
BRF:0
BRH:0
end_of_record
TN:
SF:/Users/simonwro120/101Script/semantics/context.js
FN:17,(anonymous_0)
FN:24,(anonymous_1)
FN:29,(anonymous_2)
FN:34,(anonymous_3)
FN:50,(anonymous_4)
FN:59,(anonymous_5)
FN:70,(anonymous_6)
FN:76,(anonymous_7)
FNF:8
FNH:7
FNDA:24,(anonymous_0)
FNDA:5,(anonymous_1)
FNDA:5,(anonymous_2)
FNDA:0,(anonymous_3)
FNDA:23,(anonymous_4)
FNDA:11,(anonymous_5)
FNDA:2,(anonymous_6)
FNDA:2,(anonymous_7)
DA:11,3
DA:12,3
DA:13,3
DA:14,3
DA:18,24
DA:26,5
DA:31,5
DA:37,0
DA:51,23
DA:52,0
DA:54,23
DA:60,11
DA:61,8
DA:62,3
DA:64,0
DA:66,3
DA:71,2
DA:72,0
DA:78,2
DA:79,2
DA:80,2
DA:82,2
DA:87,3
DA:88,3
DA:90,3
LF:25
LH:21
BRDA:17,0,0,3
BRDA:17,1,0,3
BRDA:17,2,0,14
BRDA:17,3,0,14
BRDA:51,4,0,0
BRDA:51,4,1,23
BRDA:51,5,0,23
BRDA:51,5,1,3
BRDA:60,6,0,8
BRDA:60,6,1,3
BRDA:62,7,0,0
BRDA:62,7,1,3
BRDA:71,8,0,0
BRDA:71,8,1,2
BRDA:80,9,0,2
BRDA:80,9,1,0
BRF:16
BRH:12
end_of_record
TN:
SF:/Users/simonwro120/101Script/syntax/parser.js
FN:35,unpack
FN:39,arrayToNullable
FN:45,(anonymous_2)
FN:51,(anonymous_3)
FN:55,(anonymous_4)
FN:59,(anonymous_5)
FN:63,(anonymous_6)
FN:67,(anonymous_7)
FN:71,(anonymous_8)
FN:75,(anonymous_9)
FN:79,(anonymous_10)
FN:83,(anonymous_11)
FN:87,(anonymous_12)
FN:91,(anonymous_13)
FN:95,(anonymous_14)
FN:99,(anonymous_15)
FN:103,(anonymous_16)
FN:107,(anonymous_17)
FN:111,(anonymous_18)
FN:115,(anonymous_19)
FN:119,(anonymous_20)
FN:123,(anonymous_21)
FN:127,(anonymous_22)
FN:131,(anonymous_23)
FN:135,(anonymous_24)
FN:139,(anonymous_25)
FN:143,(anonymous_26)
FN:147,(anonymous_27)
FN:151,(anonymous_28)
FN:155,(anonymous_29)
FN:159,(anonymous_30)
FN:163,(anonymous_31)
FN:167,(anonymous_32)
FN:171,(anonymous_33)
FN:175,(anonymous_34)
FN:179,(anonymous_35)
FN:183,(anonymous_36)
FN:187,(anonymous_37)
FN:193,(anonymous_38)
FNF:39
FNH:33
FNDA:24,unpack
FNDA:1,arrayToNullable
FNDA:31,(anonymous_2)
FNDA:52,(anonymous_3)
FNDA:30,(anonymous_4)
FNDA:4,(anonymous_5)
FNDA:6,(anonymous_6)
FNDA:6,(anonymous_7)
FNDA:12,(anonymous_8)
FNDA:17,(anonymous_9)
FNDA:7,(anonymous_10)
FNDA:0,(anonymous_11)
FNDA:8,(anonymous_12)
FNDA:1,(anonymous_13)
FNDA:0,(anonymous_14)
FNDA:10,(anonymous_15)
FNDA:13,(anonymous_16)
FNDA:11,(anonymous_17)
FNDA:0,(anonymous_18)
FNDA:0,(anonymous_19)
FNDA:3,(anonymous_20)
FNDA:8,(anonymous_21)
FNDA:1,(anonymous_22)
FNDA:4,(anonymous_23)
FNDA:0,(anonymous_24)
FNDA:1,(anonymous_25)
FNDA:55,(anonymous_26)
FNDA:8,(anonymous_27)
FNDA:9,(anonymous_28)
FNDA:0,(anonymous_29)
FNDA:8,(anonymous_30)
FNDA:12,(anonymous_31)
FNDA:2,(anonymous_32)
FNDA:2,(anonymous_33)
FNDA:53,(anonymous_34)
FNDA:16,(anonymous_35)
FNDA:95,(anonymous_36)
FNDA:99,(anonymous_37)
FNDA:32,(anonymous_38)
DA:1,3
DA:2,3
DA:3,3
DA:5,3
DA:6,3
DA:7,3
DA:8,3
DA:9,3
DA:10,3
DA:11,3
DA:12,3
DA:13,3
DA:14,3
DA:15,3
DA:16,3
DA:17,3
DA:18,3
DA:19,3
DA:20,3
DA:21,3
DA:22,3
DA:23,3
DA:24,3
DA:25,3
DA:26,3
DA:27,3
DA:28,3
DA:29,3
DA:30,3
DA:32,3
DA:36,24
DA:40,1
DA:44,3
DA:46,31
DA:48,31
DA:52,52
DA:56,30
DA:60,4
DA:64,6
DA:68,6
DA:72,12
DA:76,17
DA:80,7
DA:84,0
DA:88,8
DA:92,1
DA:96,0
DA:100,10
DA:104,13
DA:108,11
DA:112,0
DA:116,0
DA:120,3
DA:124,8
DA:128,1
DA:132,4
DA:136,0
DA:140,1
DA:144,55
DA:148,8
DA:152,9
DA:156,0
DA:160,8
DA:164,12
DA:168,2
DA:172,2
DA:176,53
DA:180,16
DA:184,95
DA:188,99
DA:193,3
DA:194,32
DA:195,32
DA:196,1
DA:198,31
LF:75
LH:69
BRDA:36,0,0,16
BRDA:36,0,1,8
BRDA:40,1,0,1
BRDA:40,1,1,0
BRDA:195,2,0,1
BRDA:195,2,1,31
BRF:6
BRH:5
end_of_record
