TN:
SF:/Users/keabraekman/Documents/LMU/CMSI 488/101Script/101.js
FN:34,compile
FN:51,compileFile
FN:52,(anonymous_2)
FNF:3
FNH:1
FNDA:13,compile
FNDA:0,compileFile
FNDA:0,(anonymous_2)
DA:26,1
DA:27,1
DA:28,1
DA:29,1
DA:30,1
DA:31,1
DA:35,13
DA:36,13
DA:37,0
DA:39,13
DA:40,13
DA:41,0
DA:43,13
DA:44,0
DA:46,13
DA:52,0
DA:53,0
DA:54,0
DA:55,0
DA:57,0
DA:61,1
DA:65,1
DA:66,0
DA:72,0
LF:24
LH:14
BRDA:36,0,0,0
BRDA:36,0,1,13
BRDA:40,1,0,0
BRDA:40,1,1,13
BRDA:43,2,0,0
BRDA:43,2,1,13
BRDA:53,3,0,0
BRDA:53,3,1,0
BRDA:65,4,0,0
BRDA:65,4,1,1
BRF:10
BRH:4
end_of_record
TN:
SF:/Users/keabraekman/Documents/LMU/CMSI 488/101Script/ast/argument.js
FN:2,(anonymous_0)
FN:6,(anonymous_1)
FNF:2
FNH:1
FNDA:4,(anonymous_0)
FNDA:0,(anonymous_1)
DA:1,4
DA:3,4
DA:7,0
LF:3
LH:2
BRF:0
BRH:0
end_of_record
TN:
SF:/Users/keabraekman/Documents/LMU/CMSI 488/101Script/ast/assignment-statement.js
FN:2,(anonymous_0)
FN:6,(anonymous_1)
FNF:2
FNH:2
FNDA:23,(anonymous_0)
FNDA:7,(anonymous_1)
DA:1,4
DA:3,23
DA:7,7
DA:8,7
LF:4
LH:4
BRF:0
BRH:0
end_of_record
TN:
SF:/Users/keabraekman/Documents/LMU/CMSI 488/101Script/ast/binary-expression.js
FN:6,(anonymous_0)
FN:11,(anonymous_1)
FNF:2
FNH:2
FNDA:48,(anonymous_0)
FNDA:29,(anonymous_1)
DA:5,4
DA:7,48
DA:12,29
DA:13,26
DA:15,25
DA:16,21
DA:17,17
DA:21,4
DA:22,0
DA:25,25
DA:26,23
DA:27,19
DA:31,2
DA:32,0
DA:36,25
DA:37,4
LF:16
LH:14
BRDA:15,0,0,21
BRDA:15,0,1,4
BRDA:16,1,0,17
BRDA:16,1,1,4
BRDA:16,2,0,21
BRDA:16,2,1,19
BRDA:21,3,0,0
BRDA:21,3,1,4
BRDA:21,4,0,4
BRDA:21,4,1,4
BRDA:25,5,0,23
BRDA:25,5,1,2
BRDA:26,6,0,19
BRDA:26,6,1,4
BRDA:26,7,0,23
BRDA:26,7,1,21
BRDA:31,8,0,0
BRDA:31,8,1,2
BRDA:31,9,0,2
BRDA:31,9,1,2
BRDA:36,10,0,4
BRDA:36,10,1,21
BRDA:36,11,0,25
BRDA:36,11,1,2
BRDA:36,11,2,23
BRDA:36,11,3,2
BRF:26
BRH:24
end_of_record
TN:
SF:/Users/keabraekman/Documents/LMU/CMSI 488/101Script/ast/block.js
FN:4,(anonymous_0)
FN:5,(anonymous_1)
FN:8,(anonymous_2)
FN:9,(anonymous_3)
FNF:4
FNH:4
FNDA:83,(anonymous_0)
FNDA:154,(anonymous_1)
FNDA:37,(anonymous_2)
FNDA:45,(anonymous_3)
DA:3,4
DA:5,154
DA:9,45
LF:3
LH:3
BRF:0
BRH:0
end_of_record
TN:
SF:/Users/keabraekman/Documents/LMU/CMSI 488/101Script/ast/boolean-literal.js
FN:2,(anonymous_0)
FN:6,(anonymous_1)
FNF:2
FNH:2
FNDA:4,(anonymous_0)
FNDA:2,(anonymous_1)
DA:1,4
DA:3,4
LF:2
LH:2
BRF:0
BRH:0
end_of_record
TN:
SF:/Users/keabraekman/Documents/LMU/CMSI 488/101Script/ast/break-statement.js
FN:3,(anonymous_0)
FNF:1
FNH:1
FNDA:2,(anonymous_0)
DA:2,4
DA:4,2
DA:5,1
LF:3
LH:3
BRDA:4,0,0,1
BRDA:4,0,1,1
BRF:2
BRH:2
end_of_record
TN:
SF:/Users/keabraekman/Documents/LMU/CMSI 488/101Script/ast/call-expression.js
FN:2,(anonymous_0)
FN:6,(anonymous_1)
FN:10,(anonymous_2)
FNF:3
FNH:2
FNDA:5,(anonymous_0)
FNDA:1,(anonymous_1)
FNDA:0,(anonymous_2)
DA:1,4
DA:3,5
DA:8,1
DA:9,0
DA:10,0
LF:5
LH:3
BRF:0
BRH:0
end_of_record
TN:
SF:/Users/keabraekman/Documents/LMU/CMSI 488/101Script/ast/call-statement.js
FN:2,(anonymous_0)
FN:6,(anonymous_1)
FNF:2
FNH:1
FNDA:3,(anonymous_0)
FNDA:0,(anonymous_1)
DA:1,4
DA:3,3
DA:7,0
LF:3
LH:2
BRF:0
BRH:0
end_of_record
TN:
SF:/Users/keabraekman/Documents/LMU/CMSI 488/101Script/ast/class-declaration.js
FN:4,(anonymous_0)
FN:7,(anonymous_1)
FNF:2
FNH:2
FNDA:2,(anonymous_0)
FNDA:10,(anonymous_1)
DA:1,4
DA:3,4
DA:5,2
DA:6,2
DA:7,10
LF:5
LH:5
BRF:0
BRH:0
end_of_record
TN:
SF:/Users/keabraekman/Documents/LMU/CMSI 488/101Script/ast/field-expression.js
FN:2,(anonymous_0)
FN:6,(anonymous_1)
FNF:2
FNH:2
FNDA:1,(anonymous_0)
FNDA:2,(anonymous_1)
DA:1,4
DA:3,1
LF:2
LH:2
BRF:0
BRH:0
end_of_record
TN:
SF:/Users/keabraekman/Documents/LMU/CMSI 488/101Script/ast/field.js
FN:2,(anonymous_0)
FN:6,(anonymous_1)
FNF:2
FNH:1
FNDA:14,(anonymous_0)
FNDA:0,(anonymous_1)
DA:1,4
DA:3,14
DA:7,0
LF:3
LH:2
BRF:0
BRH:0
end_of_record
TN:
SF:/Users/keabraekman/Documents/LMU/CMSI 488/101Script/ast/function-declaration.js
FN:4,(anonymous_0)
FN:11,(anonymous_1)
FNF:2
FNH:2
FNDA:15,(anonymous_0)
FNDA:7,(anonymous_1)
DA:1,4
DA:3,4
DA:5,15
DA:6,15
DA:7,15
DA:16,7
DA:17,7
LF:7
LH:7
BRF:0
BRH:0
end_of_record
TN:
SF:/Users/keabraekman/Documents/LMU/CMSI 488/101Script/ast/identifier-expression.js
FN:2,(anonymous_0)
FN:6,(anonymous_1)
FNF:2
FNH:2
FNDA:65,(anonymous_0)
FNDA:20,(anonymous_1)
DA:1,4
DA:3,65
DA:7,20
LF:3
LH:3
BRF:0
BRH:0
end_of_record
TN:
SF:/Users/keabraekman/Documents/LMU/CMSI 488/101Script/ast/if-statement.js
FN:2,(anonymous_0)
FN:7,(anonymous_1)
FNF:2
FNH:2
FNDA:7,(anonymous_0)
FNDA:4,(anonymous_1)
DA:1,4
DA:3,7
DA:12,4
DA:13,4
DA:14,4
LF:5
LH:5
BRF:0
BRH:0
end_of_record
TN:
SF:/Users/keabraekman/Documents/LMU/CMSI 488/101Script/ast/list-expression.js
FN:2,(anonymous_0)
FN:6,(anonymous_1)
FN:7,(anonymous_2)
FNF:3
FNH:3
FNDA:2,(anonymous_0)
FNDA:2,(anonymous_1)
FNDA:4,(anonymous_2)
DA:1,4
DA:3,2
DA:7,4
LF:3
LH:3
BRF:0
BRH:0
end_of_record
TN:
SF:/Users/keabraekman/Documents/LMU/CMSI 488/101Script/ast/new-object.js
FN:4,(anonymous_0)
FN:9,(anonymous_1)
FN:13,(anonymous_2)
FN:14,(anonymous_3)
FN:15,(anonymous_4)
FN:17,(anonymous_5)
FNF:6
FNH:5
FNDA:23,(anonymous_0)
FNDA:0,(anonymous_1)
FNDA:11,(anonymous_2)
FNDA:17,(anonymous_3)
FNDA:16,(anonymous_4)
FNDA:14,(anonymous_5)
DA:1,4
DA:3,4
DA:5,23
DA:10,0
DA:14,17
DA:15,16
DA:16,10
DA:17,14
LF:8
LH:7
BRDA:16,0,0,7
BRDA:16,0,1,3
BRF:2
BRH:2
end_of_record
TN:
SF:/Users/keabraekman/Documents/LMU/CMSI 488/101Script/ast/numeric-literal.js
FN:2,(anonymous_0)
FN:6,(anonymous_1)
FNF:2
FNH:2
FNDA:82,(anonymous_0)
FNDA:49,(anonymous_1)
DA:1,4
DA:3,82
LF:2
LH:2
BRF:0
BRH:0
end_of_record
TN:
SF:/Users/keabraekman/Documents/LMU/CMSI 488/101Script/ast/parameter.js
FN:2,(anonymous_0)
FN:6,(anonymous_1)
FNF:2
FNH:2
FNDA:29,(anonymous_0)
FNDA:16,(anonymous_1)
DA:1,4
DA:3,29
DA:7,16
LF:3
LH:3
BRF:0
BRH:0
end_of_record
TN:
SF:/Users/keabraekman/Documents/LMU/CMSI 488/101Script/ast/program.js
FN:4,(anonymous_0)
FN:8,(anonymous_1)
FNF:2
FNH:2
FNDA:56,(anonymous_0)
FNDA:36,(anonymous_1)
DA:1,4
DA:3,4
DA:5,56
DA:9,36
DA:10,36
LF:5
LH:5
BRF:0
BRH:0
end_of_record
TN:
SF:/Users/keabraekman/Documents/LMU/CMSI 488/101Script/ast/return-statement.js
FN:2,(anonymous_0)
FN:6,(anonymous_1)
FNF:2
FNH:2
FNDA:11,(anonymous_0)
FNDA:5,(anonymous_1)
DA:1,4
DA:3,11
DA:7,5
DA:8,5
DA:9,5
LF:5
LH:5
BRDA:8,0,0,5
BRDA:8,0,1,0
BRF:2
BRH:1
end_of_record
TN:
SF:/Users/keabraekman/Documents/LMU/CMSI 488/101Script/ast/string-literal.js
FN:2,(anonymous_0)
FN:6,(anonymous_1)
FNF:2
FNH:2
FNDA:28,(anonymous_0)
FNDA:11,(anonymous_1)
DA:1,4
DA:3,28
LF:2
LH:2
BRF:0
BRH:0
end_of_record
TN:
SF:/Users/keabraekman/Documents/LMU/CMSI 488/101Script/ast/unary-expression.js
FN:2,(anonymous_0)
FN:6,(anonymous_1)
FNF:2
FNH:2
FNDA:8,(anonymous_0)
FNDA:1,(anonymous_1)
DA:1,4
DA:3,8
DA:7,1
LF:3
LH:3
BRF:0
BRH:0
end_of_record
TN:
SF:/Users/keabraekman/Documents/LMU/CMSI 488/101Script/ast/variable-declaration.js
FN:2,(anonymous_0)
FN:6,(anonymous_1)
FNF:2
FNH:2
FNDA:33,(anonymous_0)
FNDA:23,(anonymous_1)
DA:1,4
DA:3,33
DA:7,23
DA:8,17
LF:4
LH:4
BRF:0
BRH:0
end_of_record
TN:
SF:/Users/keabraekman/Documents/LMU/CMSI 488/101Script/ast/variable.js
FN:2,(anonymous_0)
FN:6,(anonymous_1)
FNF:2
FNH:0
FNDA:0,(anonymous_0)
FNDA:0,(anonymous_1)
DA:1,1
DA:3,0
LF:2
LH:1
BRF:0
BRH:0
end_of_record
TN:
SF:/Users/keabraekman/Documents/LMU/CMSI 488/101Script/ast/while-statement.js
FN:2,(anonymous_0)
FN:6,(anonymous_1)
FNF:2
FNH:2
FNDA:4,(anonymous_0)
FNDA:2,(anonymous_1)
DA:1,4
DA:3,4
DA:7,2
DA:8,2
DA:9,2
LF:5
LH:5
BRF:0
BRH:0
end_of_record
TN:
SF:/Users/keabraekman/Documents/LMU/CMSI 488/101Script/backend/javascript-generator.js
FN:31,makeOp
FN:37,(anonymous_1)
FN:40,(anonymous_2)
FN:52,generateLibraryFunctions
FN:53,generateLibraryStub
FN:62,generateBlock
FN:66,(anonymous_6)
FN:71,(anonymous_7)
FN:75,(anonymous_8)
FN:82,(anonymous_9)
FN:92,(anonymous_10)
FN:96,(anonymous_11)
FN:100,(anonymous_12)
FN:104,(anonymous_13)
FN:108,(anonymous_14)
FN:109,(anonymous_15)
FN:110,(anonymous_16)
FN:115,(anonymous_17)
FN:119,(anonymous_18)
FN:123,(anonymous_19)
FN:124,(anonymous_20)
FN:131,(anonymous_21)
FN:135,(anonymous_22)
FN:139,(anonymous_23)
FN:141,(anonymous_24)
FN:153,(anonymous_25)
FN:154,(anonymous_26)
FN:162,(anonymous_27)
FN:166,(anonymous_28)
FN:176,(anonymous_29)
FN:185,(anonymous_30)
FN:191,(anonymous_31)
FN:195,(anonymous_32)
FN:204,(anonymous_33)
FN:213,(anonymous_34)
FN:219,(anonymous_35)
FNF:36
FNH:4
FNDA:0,makeOp
FNDA:1,(anonymous_1)
FNDA:0,(anonymous_2)
FNDA:0,generateLibraryFunctions
FNDA:0,generateLibraryStub
FNDA:13,generateBlock
FNDA:13,(anonymous_6)
FNDA:0,(anonymous_7)
FNDA:0,(anonymous_8)
FNDA:0,(anonymous_9)
FNDA:0,(anonymous_10)
FNDA:0,(anonymous_11)
FNDA:0,(anonymous_12)
FNDA:0,(anonymous_13)
FNDA:0,(anonymous_14)
FNDA:0,(anonymous_15)
FNDA:0,(anonymous_16)
FNDA:0,(anonymous_17)
FNDA:0,(anonymous_18)
FNDA:0,(anonymous_19)
FNDA:0,(anonymous_20)
FNDA:0,(anonymous_21)
FNDA:0,(anonymous_22)
FNDA:0,(anonymous_23)
FNDA:0,(anonymous_24)
FNDA:0,(anonymous_25)
FNDA:0,(anonymous_26)
FNDA:0,(anonymous_27)
FNDA:0,(anonymous_28)
FNDA:13,(anonymous_29)
FNDA:0,(anonymous_30)
FNDA:0,(anonymous_31)
FNDA:0,(anonymous_32)
FNDA:0,(anonymous_33)
FNDA:0,(anonymous_34)
FNDA:0,(anonymous_35)
DA:1,1
DA:3,1
DA:4,1
DA:5,1
DA:6,1
DA:7,1
DA:8,1
DA:9,1
DA:10,1
DA:11,1
DA:12,1
DA:13,1
DA:14,1
DA:15,1
DA:16,1
DA:17,1
DA:18,1
DA:19,1
DA:20,1
DA:21,1
DA:22,1
DA:23,1
DA:24,1
DA:25,1
DA:26,1
DA:27,1
DA:28,1
DA:29,1
DA:32,0
DA:37,1
DA:38,1
DA:39,1
DA:40,1
DA:41,0
DA:42,0
DA:44,0
DA:54,0
DA:55,0
DA:57,0
DA:63,13
DA:66,1
DA:67,13
DA:70,1
DA:71,0
DA:74,1
DA:76,0
DA:77,0
DA:81,1
DA:83,0
DA:84,0
DA:85,0
DA:87,0
DA:91,1
DA:92,0
DA:95,1
DA:96,0
DA:99,1
DA:100,0
DA:103,1
DA:105,0
DA:106,0
DA:107,0
DA:108,0
DA:109,0
DA:110,0
DA:114,1
DA:115,0
DA:118,1
DA:119,0
DA:122,1
DA:124,0
DA:130,1
DA:131,0
DA:134,1
DA:135,0
DA:138,1
DA:140,0
DA:141,0
DA:142,0
DA:143,0
DA:145,0
DA:146,0
DA:148,0
DA:152,1
DA:154,0
DA:155,0
DA:161,1
DA:162,0
DA:165,1
DA:167,0
DA:168,0
DA:169,0
DA:171,0
DA:175,1
DA:177,13
DA:178,13
DA:179,13
DA:180,13
DA:184,1
DA:186,0
DA:190,1
DA:191,0
DA:194,1
DA:196,0
DA:197,0
DA:199,0
DA:203,1
DA:205,0
DA:206,0
DA:207,0
DA:208,0
DA:212,1
DA:214,0
DA:218,1
DA:220,0
DA:221,0
DA:223,0
LF:117
LH:62
BRDA:32,0,0,0
BRDA:32,0,1,0
BRDA:41,1,0,0
BRDA:41,1,1,0
BRDA:84,2,0,0
BRDA:84,2,1,0
BRDA:109,3,0,0
BRDA:109,3,1,0
BRDA:110,4,0,0
BRDA:110,4,1,0
BRDA:140,5,0,0
BRDA:140,5,1,0
BRDA:142,6,0,0
BRDA:142,6,1,0
BRDA:145,7,0,0
BRDA:145,7,1,0
BRDA:168,8,0,0
BRDA:168,8,1,0
BRDA:186,9,0,0
BRDA:186,9,1,0
BRDA:196,10,0,0
BRDA:196,10,1,0
BRDA:220,11,0,0
BRDA:220,11,1,0
BRF:24
BRH:0
end_of_record
TN:
SF:/Users/keabraekman/Documents/LMU/CMSI 488/101Script/semantics/context.js
FN:17,(anonymous_0)
FN:24,(anonymous_1)
FN:29,(anonymous_2)
FN:34,(anonymous_3)
FN:50,(anonymous_4)
FN:59,(anonymous_5)
FN:70,(anonymous_6)
FN:76,(anonymous_7)
FNF:8
FNH:7
FNDA:53,(anonymous_0)
FNDA:7,(anonymous_1)
FNDA:6,(anonymous_2)
FNDA:0,(anonymous_3)
FNDA:40,(anonymous_4)
FNDA:27,(anonymous_5)
FNDA:5,(anonymous_6)
FNDA:1,(anonymous_7)
DA:11,4
DA:12,4
DA:13,4
DA:14,4
DA:18,53
DA:26,7
DA:31,6
DA:37,0
DA:51,40
DA:52,1
DA:54,39
DA:60,27
DA:61,17
DA:62,10
DA:64,3
DA:66,7
DA:71,5
DA:72,0
DA:80,1
DA:81,1
DA:82,1
DA:87,4
DA:89,4
DA:95,4
LF:24
LH:22
BRDA:17,0,0,4
BRDA:17,1,0,4
BRDA:17,2,0,40
BRDA:17,3,0,40
BRDA:51,4,0,1
BRDA:51,4,1,39
BRDA:51,5,0,40
BRDA:51,5,1,6
BRDA:60,6,0,17
BRDA:60,6,1,10
BRDA:62,7,0,3
BRDA:62,7,1,7
BRDA:71,8,0,0
BRDA:71,8,1,5
BRDA:80,9,0,1
BRDA:80,9,1,0
BRF:16
BRH:14
end_of_record
TN:
SF:/Users/keabraekman/Documents/LMU/CMSI 488/101Script/syntax/parser.js
FN:34,unpack
FN:38,arrayToNullable
FN:44,(anonymous_2)
FN:50,(anonymous_3)
FN:54,(anonymous_4)
FN:58,(anonymous_5)
FN:62,(anonymous_6)
FN:66,(anonymous_7)
FN:70,(anonymous_8)
FN:74,(anonymous_9)
FN:78,(anonymous_10)
FN:82,(anonymous_11)
FN:86,(anonymous_12)
FN:90,(anonymous_13)
FN:94,(anonymous_14)
FN:98,(anonymous_15)
FN:102,(anonymous_16)
FN:106,(anonymous_17)
FN:110,(anonymous_18)
FN:114,(anonymous_19)
FN:118,(anonymous_20)
FN:122,(anonymous_21)
FN:126,(anonymous_22)
FN:130,(anonymous_23)
FN:134,(anonymous_24)
FN:138,(anonymous_25)
FN:142,(anonymous_26)
FN:146,(anonymous_27)
FN:150,(anonymous_28)
FN:154,(anonymous_29)
FN:158,(anonymous_30)
FN:162,(anonymous_31)
FN:166,(anonymous_32)
FN:170,(anonymous_33)
FN:174,(anonymous_34)
FN:178,(anonymous_35)
FN:184,(anonymous_36)
FNF:37
FNH:36
FNDA:23,unpack
FNDA:2,arrayToNullable
FNDA:56,(anonymous_2)
FNDA:83,(anonymous_3)
FNDA:50,(anonymous_4)
FNDA:4,(anonymous_5)
FNDA:7,(anonymous_6)
FNDA:11,(anonymous_7)
FNDA:33,(anonymous_8)
FNDA:23,(anonymous_9)
FNDA:3,(anonymous_10)
FNDA:2,(anonymous_11)
FNDA:11,(anonymous_12)
FNDA:2,(anonymous_13)
FNDA:0,(anonymous_14)
FNDA:11,(anonymous_15)
FNDA:20,(anonymous_16)
FNDA:15,(anonymous_17)
FNDA:8,(anonymous_18)
FNDA:2,(anonymous_19)
FNDA:3,(anonymous_20)
FNDA:5,(anonymous_21)
FNDA:2,(anonymous_22)
FNDA:6,(anonymous_23)
FNDA:1,(anonymous_24)
FNDA:65,(anonymous_25)
FNDA:8,(anonymous_26)
FNDA:14,(anonymous_27)
FNDA:4,(anonymous_28)
FNDA:10,(anonymous_29)
FNDA:8,(anonymous_30)
FNDA:4,(anonymous_31)
FNDA:82,(anonymous_32)
FNDA:28,(anonymous_33)
FNDA:138,(anonymous_34)
FNDA:162,(anonymous_35)
FNDA:57,(anonymous_36)
DA:1,4
DA:2,4
DA:3,4
DA:5,4
DA:6,4
DA:7,4
DA:8,4
DA:9,4
DA:10,4
DA:11,4
DA:12,4
DA:13,4
DA:14,4
DA:15,4
DA:16,4
DA:17,4
DA:18,4
DA:19,4
DA:20,4
DA:21,4
DA:22,4
DA:23,4
DA:24,4
DA:26,4
DA:27,4
DA:28,4
DA:29,4
DA:31,4
DA:35,23
DA:39,2
DA:43,4
DA:45,56
DA:47,56
DA:51,83
DA:55,50
DA:59,4
DA:63,7
DA:67,11
DA:71,33
DA:75,23
DA:79,3
DA:83,2
DA:87,11
DA:91,2
DA:95,0
DA:99,11
DA:103,20
DA:107,15
DA:111,8
DA:115,2
DA:119,3
DA:123,5
DA:127,2
DA:131,6
DA:135,1
DA:139,65
DA:143,8
DA:147,14
DA:151,4
DA:155,10
DA:159,8
DA:163,4
DA:167,82
DA:171,28
DA:175,138
DA:179,162
DA:184,4
DA:185,57
DA:186,57
DA:187,1
DA:189,56
LF:71
LH:70
BRDA:35,0,0,12
BRDA:35,0,1,11
BRDA:39,1,0,2
BRDA:39,1,1,0
BRDA:186,2,0,1
BRDA:186,2,1,56
BRF:6
BRH:5
end_of_record
